<?xml version="1.0" encoding="UTF-8"?>
<testsuite name="qa.issart.com.tests.GroupModificationTests" tests="6" skipped="0" failures="0" errors="0" timestamp="2021-10-04T17:03:17" hostname="ALPHARETTA" time="12.282">
  <properties/>
  <testcase name="modifyGroupFromList[0](GroupData{group_id=0, group_name='VxKHDRwR9iy7j9wECNYK'})" classname="qa.issart.com.tests.GroupModificationTests" time="2.024"/>
  <testcase name="modifyGroupFromList[1](GroupData{group_id=0, group_name='OgnVYCu2y6QJDD7Z2zHn'})" classname="qa.issart.com.tests.GroupModificationTests" time="1.965"/>
  <testcase name="modifyGroupFromList[2](GroupData{group_id=0, group_name='1M74S4cqqeijaDvEHoFf'})" classname="qa.issart.com.tests.GroupModificationTests" time="2.182"/>
  <testcase name="modifyGroupFromList[3](GroupData{group_id=0, group_name='muwhGrRIJnIIGBQdzT6W'})" classname="qa.issart.com.tests.GroupModificationTests" time="2.085"/>
  <testcase name="modifyGroupFromList[4](GroupData{group_id=0, group_name='ejsAEVScqFCSw7UEHsoH'})" classname="qa.issart.com.tests.GroupModificationTests" time="1.987"/>
  <testcase name="modifyGroupFromList[5](GroupData{group_id=0, group_name='7YK5nPZxGRR4dEAc9t2C'})" classname="qa.issart.com.tests.GroupModificationTests" time="2.028"/>
  <system-out><![CDATA[23:03:17.858 [Test worker] INFO  qa.issart.com.tests.TestBase - Started test modifyGroupFromList
23:03:19.675 [Test worker] INFO  qa.issart.com.tests.TestBase - Modified group with id: 807 new group name: VxKHDRwR9iy7j9wECNYK old: dhAamGYUXNnJxHwoERwW
Hibernate: select groupdata0_.group_id as group_id1_2_, groupdata0_.group_footer as group_fo2_2_, groupdata0_.group_header as group_he3_2_, groupdata0_.group_name as group_na4_2_ from group_list groupdata0_
Hibernate: select groupconta0_.group_id as group_id2_0_0_, groupconta0_.id as id1_0_0_, contactdat1_.id as id1_1_1_, contactdat1_.aday as aday2_1_1_, contactdat1_.address as address3_1_1_, contactdat1_.address2 as address4_1_1_, contactdat1_.amonth as amonth5_1_1_, contactdat1_.ayear as ayear6_1_1_, contactdat1_.bday as bday7_1_1_, contactdat1_.bmonth as bmonth8_1_1_, contactdat1_.byear as byear9_1_1_, contactdat1_.company as company10_1_1_, contactdat1_.email as email11_1_1_, contactdat1_.email2 as email12_1_1_, contactdat1_.email3 as email13_1_1_, contactdat1_.fax as fax14_1_1_, contactdat1_.firstname as firstna15_1_1_, contactdat1_.home as home16_1_1_, contactdat1_.homepage as homepag17_1_1_, contactdat1_.lastname as lastnam18_1_1_, contactdat1_.middlename as middlen19_1_1_, contactdat1_.mobile as mobile20_1_1_, contactdat1_.nickname as nicknam21_1_1_, contactdat1_.notes as notes22_1_1_, contactdat1_.phone2 as phone23_1_1_, contactdat1_.photo as photo24_1_1_, contactdat1_.title as title25_1_1_, contactdat1_.work as work26_1_1_ from address_in_groups groupconta0_ inner join addressbook contactdat1_ on groupconta0_.id=contactdat1_.id where groupconta0_.group_id=?
Hibernate: select groupconta0_.group_id as group_id2_0_0_, groupconta0_.id as id1_0_0_, contactdat1_.id as id1_1_1_, contactdat1_.aday as aday2_1_1_, contactdat1_.address as address3_1_1_, contactdat1_.address2 as address4_1_1_, contactdat1_.amonth as amonth5_1_1_, contactdat1_.ayear as ayear6_1_1_, contactdat1_.bday as bday7_1_1_, contactdat1_.bmonth as bmonth8_1_1_, contactdat1_.byear as byear9_1_1_, contactdat1_.company as company10_1_1_, contactdat1_.email as email11_1_1_, contactdat1_.email2 as email12_1_1_, contactdat1_.email3 as email13_1_1_, contactdat1_.fax as fax14_1_1_, contactdat1_.firstname as firstna15_1_1_, contactdat1_.home as home16_1_1_, contactdat1_.homepage as homepag17_1_1_, contactdat1_.lastname as lastnam18_1_1_, contactdat1_.middlename as middlen19_1_1_, contactdat1_.mobile as mobile20_1_1_, contactdat1_.nickname as nicknam21_1_1_, contactdat1_.notes as notes22_1_1_, contactdat1_.phone2 as phone23_1_1_, contactdat1_.photo as photo24_1_1_, contactdat1_.title as title25_1_1_, contactdat1_.work as work26_1_1_ from address_in_groups groupconta0_ inner join addressbook contactdat1_ on groupconta0_.id=contactdat1_.id where groupconta0_.group_id=?
Hibernate: select groupconta0_.group_id as group_id2_0_0_, groupconta0_.id as id1_0_0_, contactdat1_.id as id1_1_1_, contactdat1_.aday as aday2_1_1_, contactdat1_.address as address3_1_1_, contactdat1_.address2 as address4_1_1_, contactdat1_.amonth as amonth5_1_1_, contactdat1_.ayear as ayear6_1_1_, contactdat1_.bday as bday7_1_1_, contactdat1_.bmonth as bmonth8_1_1_, contactdat1_.byear as byear9_1_1_, contactdat1_.company as company10_1_1_, contactdat1_.email as email11_1_1_, contactdat1_.email2 as email12_1_1_, contactdat1_.email3 as email13_1_1_, contactdat1_.fax as fax14_1_1_, contactdat1_.firstname as firstna15_1_1_, contactdat1_.home as home16_1_1_, contactdat1_.homepage as homepag17_1_1_, contactdat1_.lastname as lastnam18_1_1_, contactdat1_.middlename as middlen19_1_1_, contactdat1_.mobile as mobile20_1_1_, contactdat1_.nickname as nicknam21_1_1_, contactdat1_.notes as notes22_1_1_, contactdat1_.phone2 as phone23_1_1_, contactdat1_.photo as photo24_1_1_, contactdat1_.title as title25_1_1_, contactdat1_.work as work26_1_1_ from address_in_groups groupconta0_ inner join addressbook contactdat1_ on groupconta0_.id=contactdat1_.id where groupconta0_.group_id=?
Hibernate: select groupconta0_.group_id as group_id2_0_0_, groupconta0_.id as id1_0_0_, contactdat1_.id as id1_1_1_, contactdat1_.aday as aday2_1_1_, contactdat1_.address as address3_1_1_, contactdat1_.address2 as address4_1_1_, contactdat1_.amonth as amonth5_1_1_, contactdat1_.ayear as ayear6_1_1_, contactdat1_.bday as bday7_1_1_, contactdat1_.bmonth as bmonth8_1_1_, contactdat1_.byear as byear9_1_1_, contactdat1_.company as company10_1_1_, contactdat1_.email as email11_1_1_, contactdat1_.email2 as email12_1_1_, contactdat1_.email3 as email13_1_1_, contactdat1_.fax as fax14_1_1_, contactdat1_.firstname as firstna15_1_1_, contactdat1_.home as home16_1_1_, contactdat1_.homepage as homepag17_1_1_, contactdat1_.lastname as lastnam18_1_1_, contactdat1_.middlename as middlen19_1_1_, contactdat1_.mobile as mobile20_1_1_, contactdat1_.nickname as nicknam21_1_1_, contactdat1_.notes as notes22_1_1_, contactdat1_.phone2 as phone23_1_1_, contactdat1_.photo as photo24_1_1_, contactdat1_.title as title25_1_1_, contactdat1_.work as work26_1_1_ from address_in_groups groupconta0_ inner join addressbook contactdat1_ on groupconta0_.id=contactdat1_.id where groupconta0_.group_id=?
Hibernate: select groupconta0_.group_id as group_id2_0_0_, groupconta0_.id as id1_0_0_, contactdat1_.id as id1_1_1_, contactdat1_.aday as aday2_1_1_, contactdat1_.address as address3_1_1_, contactdat1_.address2 as address4_1_1_, contactdat1_.amonth as amonth5_1_1_, contactdat1_.ayear as ayear6_1_1_, contactdat1_.bday as bday7_1_1_, contactdat1_.bmonth as bmonth8_1_1_, contactdat1_.byear as byear9_1_1_, contactdat1_.company as company10_1_1_, contactdat1_.email as email11_1_1_, contactdat1_.email2 as email12_1_1_, contactdat1_.email3 as email13_1_1_, contactdat1_.fax as fax14_1_1_, contactdat1_.firstname as firstna15_1_1_, contactdat1_.home as home16_1_1_, contactdat1_.homepage as homepag17_1_1_, contactdat1_.lastname as lastnam18_1_1_, contactdat1_.middlename as middlen19_1_1_, contactdat1_.mobile as mobile20_1_1_, contactdat1_.nickname as nicknam21_1_1_, contactdat1_.notes as notes22_1_1_, contactdat1_.phone2 as phone23_1_1_, contactdat1_.photo as photo24_1_1_, contactdat1_.title as title25_1_1_, contactdat1_.work as work26_1_1_ from address_in_groups groupconta0_ inner join addressbook contactdat1_ on groupconta0_.id=contactdat1_.id where groupconta0_.group_id=?
Hibernate: select groupconta0_.group_id as group_id2_0_0_, groupconta0_.id as id1_0_0_, contactdat1_.id as id1_1_1_, contactdat1_.aday as aday2_1_1_, contactdat1_.address as address3_1_1_, contactdat1_.address2 as address4_1_1_, contactdat1_.amonth as amonth5_1_1_, contactdat1_.ayear as ayear6_1_1_, contactdat1_.bday as bday7_1_1_, contactdat1_.bmonth as bmonth8_1_1_, contactdat1_.byear as byear9_1_1_, contactdat1_.company as company10_1_1_, contactdat1_.email as email11_1_1_, contactdat1_.email2 as email12_1_1_, contactdat1_.email3 as email13_1_1_, contactdat1_.fax as fax14_1_1_, contactdat1_.firstname as firstna15_1_1_, contactdat1_.home as home16_1_1_, contactdat1_.homepage as homepag17_1_1_, contactdat1_.lastname as lastnam18_1_1_, contactdat1_.middlename as middlen19_1_1_, contactdat1_.mobile as mobile20_1_1_, contactdat1_.nickname as nicknam21_1_1_, contactdat1_.notes as notes22_1_1_, contactdat1_.phone2 as phone23_1_1_, contactdat1_.photo as photo24_1_1_, contactdat1_.title as title25_1_1_, contactdat1_.work as work26_1_1_ from address_in_groups groupconta0_ inner join addressbook contactdat1_ on groupconta0_.id=contactdat1_.id where groupconta0_.group_id=?
Hibernate: select groupconta0_.group_id as group_id2_0_0_, groupconta0_.id as id1_0_0_, contactdat1_.id as id1_1_1_, contactdat1_.aday as aday2_1_1_, contactdat1_.address as address3_1_1_, contactdat1_.address2 as address4_1_1_, contactdat1_.amonth as amonth5_1_1_, contactdat1_.ayear as ayear6_1_1_, contactdat1_.bday as bday7_1_1_, contactdat1_.bmonth as bmonth8_1_1_, contactdat1_.byear as byear9_1_1_, contactdat1_.company as company10_1_1_, contactdat1_.email as email11_1_1_, contactdat1_.email2 as email12_1_1_, contactdat1_.email3 as email13_1_1_, contactdat1_.fax as fax14_1_1_, contactdat1_.firstname as firstna15_1_1_, contactdat1_.home as home16_1_1_, contactdat1_.homepage as homepag17_1_1_, contactdat1_.lastname as lastnam18_1_1_, contactdat1_.middlename as middlen19_1_1_, contactdat1_.mobile as mobile20_1_1_, contactdat1_.nickname as nicknam21_1_1_, contactdat1_.notes as notes22_1_1_, contactdat1_.phone2 as phone23_1_1_, contactdat1_.photo as photo24_1_1_, contactdat1_.title as title25_1_1_, contactdat1_.work as work26_1_1_ from address_in_groups groupconta0_ inner join addressbook contactdat1_ on groupconta0_.id=contactdat1_.id where groupconta0_.group_id=?
Hibernate: select groupconta0_.group_id as group_id2_0_0_, groupconta0_.id as id1_0_0_, contactdat1_.id as id1_1_1_, contactdat1_.aday as aday2_1_1_, contactdat1_.address as address3_1_1_, contactdat1_.address2 as address4_1_1_, contactdat1_.amonth as amonth5_1_1_, contactdat1_.ayear as ayear6_1_1_, contactdat1_.bday as bday7_1_1_, contactdat1_.bmonth as bmonth8_1_1_, contactdat1_.byear as byear9_1_1_, contactdat1_.company as company10_1_1_, contactdat1_.email as email11_1_1_, contactdat1_.email2 as email12_1_1_, contactdat1_.email3 as email13_1_1_, contactdat1_.fax as fax14_1_1_, contactdat1_.firstname as firstna15_1_1_, contactdat1_.home as home16_1_1_, contactdat1_.homepage as homepag17_1_1_, contactdat1_.lastname as lastnam18_1_1_, contactdat1_.middlename as middlen19_1_1_, contactdat1_.mobile as mobile20_1_1_, contactdat1_.nickname as nicknam21_1_1_, contactdat1_.notes as notes22_1_1_, contactdat1_.phone2 as phone23_1_1_, contactdat1_.photo as photo24_1_1_, contactdat1_.title as title25_1_1_, contactdat1_.work as work26_1_1_ from address_in_groups groupconta0_ inner join addressbook contactdat1_ on groupconta0_.id=contactdat1_.id where groupconta0_.group_id=?
Hibernate: select groupconta0_.group_id as group_id2_0_0_, groupconta0_.id as id1_0_0_, contactdat1_.id as id1_1_1_, contactdat1_.aday as aday2_1_1_, contactdat1_.address as address3_1_1_, contactdat1_.address2 as address4_1_1_, contactdat1_.amonth as amonth5_1_1_, contactdat1_.ayear as ayear6_1_1_, contactdat1_.bday as bday7_1_1_, contactdat1_.bmonth as bmonth8_1_1_, contactdat1_.byear as byear9_1_1_, contactdat1_.company as company10_1_1_, contactdat1_.email as email11_1_1_, contactdat1_.email2 as email12_1_1_, contactdat1_.email3 as email13_1_1_, contactdat1_.fax as fax14_1_1_, contactdat1_.firstname as firstna15_1_1_, contactdat1_.home as home16_1_1_, contactdat1_.homepage as homepag17_1_1_, contactdat1_.lastname as lastnam18_1_1_, contactdat1_.middlename as middlen19_1_1_, contactdat1_.mobile as mobile20_1_1_, contactdat1_.nickname as nicknam21_1_1_, contactdat1_.notes as notes22_1_1_, contactdat1_.phone2 as phone23_1_1_, contactdat1_.photo as photo24_1_1_, contactdat1_.title as title25_1_1_, contactdat1_.work as work26_1_1_ from address_in_groups groupconta0_ inner join addressbook contactdat1_ on groupconta0_.id=contactdat1_.id where groupconta0_.group_id=?
Hibernate: select groupconta0_.group_id as group_id2_0_0_, groupconta0_.id as id1_0_0_, contactdat1_.id as id1_1_1_, contactdat1_.aday as aday2_1_1_, contactdat1_.address as address3_1_1_, contactdat1_.address2 as address4_1_1_, contactdat1_.amonth as amonth5_1_1_, contactdat1_.ayear as ayear6_1_1_, contactdat1_.bday as bday7_1_1_, contactdat1_.bmonth as bmonth8_1_1_, contactdat1_.byear as byear9_1_1_, contactdat1_.company as company10_1_1_, contactdat1_.email as email11_1_1_, contactdat1_.email2 as email12_1_1_, contactdat1_.email3 as email13_1_1_, contactdat1_.fax as fax14_1_1_, contactdat1_.firstname as firstna15_1_1_, contactdat1_.home as home16_1_1_, contactdat1_.homepage as homepag17_1_1_, contactdat1_.lastname as lastnam18_1_1_, contactdat1_.middlename as middlen19_1_1_, contactdat1_.mobile as mobile20_1_1_, contactdat1_.nickname as nicknam21_1_1_, contactdat1_.notes as notes22_1_1_, contactdat1_.phone2 as phone23_1_1_, contactdat1_.photo as photo24_1_1_, contactdat1_.title as title25_1_1_, contactdat1_.work as work26_1_1_ from address_in_groups groupconta0_ inner join addressbook contactdat1_ on groupconta0_.id=contactdat1_.id where groupconta0_.group_id=?
Hibernate: select groupconta0_.group_id as group_id2_0_0_, groupconta0_.id as id1_0_0_, contactdat1_.id as id1_1_1_, contactdat1_.aday as aday2_1_1_, contactdat1_.address as address3_1_1_, contactdat1_.address2 as address4_1_1_, contactdat1_.amonth as amonth5_1_1_, contactdat1_.ayear as ayear6_1_1_, contactdat1_.bday as bday7_1_1_, contactdat1_.bmonth as bmonth8_1_1_, contactdat1_.byear as byear9_1_1_, contactdat1_.company as company10_1_1_, contactdat1_.email as email11_1_1_, contactdat1_.email2 as email12_1_1_, contactdat1_.email3 as email13_1_1_, contactdat1_.fax as fax14_1_1_, contactdat1_.firstname as firstna15_1_1_, contactdat1_.home as home16_1_1_, contactdat1_.homepage as homepag17_1_1_, contactdat1_.lastname as lastnam18_1_1_, contactdat1_.middlename as middlen19_1_1_, contactdat1_.mobile as mobile20_1_1_, contactdat1_.nickname as nicknam21_1_1_, contactdat1_.notes as notes22_1_1_, contactdat1_.phone2 as phone23_1_1_, contactdat1_.photo as photo24_1_1_, contactdat1_.title as title25_1_1_, contactdat1_.work as work26_1_1_ from address_in_groups groupconta0_ inner join addressbook contactdat1_ on groupconta0_.id=contactdat1_.id where groupconta0_.group_id=?
Hibernate: select contactgro0_.id as id1_0_0_, contactgro0_.group_id as group_id2_0_0_, groupdata1_.group_id as group_id1_2_1_, groupdata1_.group_footer as group_fo2_2_1_, groupdata1_.group_header as group_he3_2_1_, groupdata1_.group_name as group_na4_2_1_ from address_in_groups contactgro0_ inner join group_list groupdata1_ on contactgro0_.group_id=groupdata1_.group_id where contactgro0_.id=?
Hibernate: select groupconta0_.group_id as group_id2_0_0_, groupconta0_.id as id1_0_0_, contactdat1_.id as id1_1_1_, contactdat1_.aday as aday2_1_1_, contactdat1_.address as address3_1_1_, contactdat1_.address2 as address4_1_1_, contactdat1_.amonth as amonth5_1_1_, contactdat1_.ayear as ayear6_1_1_, contactdat1_.bday as bday7_1_1_, contactdat1_.bmonth as bmonth8_1_1_, contactdat1_.byear as byear9_1_1_, contactdat1_.company as company10_1_1_, contactdat1_.email as email11_1_1_, contactdat1_.email2 as email12_1_1_, contactdat1_.email3 as email13_1_1_, contactdat1_.fax as fax14_1_1_, contactdat1_.firstname as firstna15_1_1_, contactdat1_.home as home16_1_1_, contactdat1_.homepage as homepag17_1_1_, contactdat1_.lastname as lastnam18_1_1_, contactdat1_.middlename as middlen19_1_1_, contactdat1_.mobile as mobile20_1_1_, contactdat1_.nickname as nicknam21_1_1_, contactdat1_.notes as notes22_1_1_, contactdat1_.phone2 as phone23_1_1_, contactdat1_.photo as photo24_1_1_, contactdat1_.title as title25_1_1_, contactdat1_.work as work26_1_1_ from address_in_groups groupconta0_ inner join addressbook contactdat1_ on groupconta0_.id=contactdat1_.id where groupconta0_.group_id=?
Hibernate: select groupconta0_.group_id as group_id2_0_0_, groupconta0_.id as id1_0_0_, contactdat1_.id as id1_1_1_, contactdat1_.aday as aday2_1_1_, contactdat1_.address as address3_1_1_, contactdat1_.address2 as address4_1_1_, contactdat1_.amonth as amonth5_1_1_, contactdat1_.ayear as ayear6_1_1_, contactdat1_.bday as bday7_1_1_, contactdat1_.bmonth as bmonth8_1_1_, contactdat1_.byear as byear9_1_1_, contactdat1_.company as company10_1_1_, contactdat1_.email as email11_1_1_, contactdat1_.email2 as email12_1_1_, contactdat1_.email3 as email13_1_1_, contactdat1_.fax as fax14_1_1_, contactdat1_.firstname as firstna15_1_1_, contactdat1_.home as home16_1_1_, contactdat1_.homepage as homepag17_1_1_, contactdat1_.lastname as lastnam18_1_1_, contactdat1_.middlename as middlen19_1_1_, contactdat1_.mobile as mobile20_1_1_, contactdat1_.nickname as nicknam21_1_1_, contactdat1_.notes as notes22_1_1_, contactdat1_.phone2 as phone23_1_1_, contactdat1_.photo as photo24_1_1_, contactdat1_.title as title25_1_1_, contactdat1_.work as work26_1_1_ from address_in_groups groupconta0_ inner join addressbook contactdat1_ on groupconta0_.id=contactdat1_.id where groupconta0_.group_id=?
Hibernate: select contactgro0_.id as id1_0_0_, contactgro0_.group_id as group_id2_0_0_, groupdata1_.group_id as group_id1_2_1_, groupdata1_.group_footer as group_fo2_2_1_, groupdata1_.group_header as group_he3_2_1_, groupdata1_.group_name as group_na4_2_1_ from address_in_groups contactgro0_ inner join group_list groupdata1_ on contactgro0_.group_id=groupdata1_.group_id where contactgro0_.id=?
Hibernate: select groupconta0_.group_id as group_id2_0_0_, groupconta0_.id as id1_0_0_, contactdat1_.id as id1_1_1_, contactdat1_.aday as aday2_1_1_, contactdat1_.address as address3_1_1_, contactdat1_.address2 as address4_1_1_, contactdat1_.amonth as amonth5_1_1_, contactdat1_.ayear as ayear6_1_1_, contactdat1_.bday as bday7_1_1_, contactdat1_.bmonth as bmonth8_1_1_, contactdat1_.byear as byear9_1_1_, contactdat1_.company as company10_1_1_, contactdat1_.email as email11_1_1_, contactdat1_.email2 as email12_1_1_, contactdat1_.email3 as email13_1_1_, contactdat1_.fax as fax14_1_1_, contactdat1_.firstname as firstna15_1_1_, contactdat1_.home as home16_1_1_, contactdat1_.homepage as homepag17_1_1_, contactdat1_.lastname as lastnam18_1_1_, contactdat1_.middlename as middlen19_1_1_, contactdat1_.mobile as mobile20_1_1_, contactdat1_.nickname as nicknam21_1_1_, contactdat1_.notes as notes22_1_1_, contactdat1_.phone2 as phone23_1_1_, contactdat1_.photo as photo24_1_1_, contactdat1_.title as title25_1_1_, contactdat1_.work as work26_1_1_ from address_in_groups groupconta0_ inner join addressbook contactdat1_ on groupconta0_.id=contactdat1_.id where groupconta0_.group_id=?
Hibernate: select contactgro0_.id as id1_0_0_, contactgro0_.group_id as group_id2_0_0_, groupdata1_.group_id as group_id1_2_1_, groupdata1_.group_footer as group_fo2_2_1_, groupdata1_.group_header as group_he3_2_1_, groupdata1_.group_name as group_na4_2_1_ from address_in_groups contactgro0_ inner join group_list groupdata1_ on contactgro0_.group_id=groupdata1_.group_id where contactgro0_.id=?
Hibernate: select groupconta0_.group_id as group_id2_0_0_, groupconta0_.id as id1_0_0_, contactdat1_.id as id1_1_1_, contactdat1_.aday as aday2_1_1_, contactdat1_.address as address3_1_1_, contactdat1_.address2 as address4_1_1_, contactdat1_.amonth as amonth5_1_1_, contactdat1_.ayear as ayear6_1_1_, contactdat1_.bday as bday7_1_1_, contactdat1_.bmonth as bmonth8_1_1_, contactdat1_.byear as byear9_1_1_, contactdat1_.company as company10_1_1_, contactdat1_.email as email11_1_1_, contactdat1_.email2 as email12_1_1_, contactdat1_.email3 as email13_1_1_, contactdat1_.fax as fax14_1_1_, contactdat1_.firstname as firstna15_1_1_, contactdat1_.home as home16_1_1_, contactdat1_.homepage as homepag17_1_1_, contactdat1_.lastname as lastnam18_1_1_, contactdat1_.middlename as middlen19_1_1_, contactdat1_.mobile as mobile20_1_1_, contactdat1_.nickname as nicknam21_1_1_, contactdat1_.notes as notes22_1_1_, contactdat1_.phone2 as phone23_1_1_, contactdat1_.photo as photo24_1_1_, contactdat1_.title as title25_1_1_, contactdat1_.work as work26_1_1_ from address_in_groups groupconta0_ inner join addressbook contactdat1_ on groupconta0_.id=contactdat1_.id where groupconta0_.group_id=?
Hibernate: select contactgro0_.id as id1_0_0_, contactgro0_.group_id as group_id2_0_0_, groupdata1_.group_id as group_id1_2_1_, groupdata1_.group_footer as group_fo2_2_1_, groupdata1_.group_header as group_he3_2_1_, groupdata1_.group_name as group_na4_2_1_ from address_in_groups contactgro0_ inner join group_list groupdata1_ on contactgro0_.group_id=groupdata1_.group_id where contactgro0_.id=?
Hibernate: select groupconta0_.group_id as group_id2_0_0_, groupconta0_.id as id1_0_0_, contactdat1_.id as id1_1_1_, contactdat1_.aday as aday2_1_1_, contactdat1_.address as address3_1_1_, contactdat1_.address2 as address4_1_1_, contactdat1_.amonth as amonth5_1_1_, contactdat1_.ayear as ayear6_1_1_, contactdat1_.bday as bday7_1_1_, contactdat1_.bmonth as bmonth8_1_1_, contactdat1_.byear as byear9_1_1_, contactdat1_.company as company10_1_1_, contactdat1_.email as email11_1_1_, contactdat1_.email2 as email12_1_1_, contactdat1_.email3 as email13_1_1_, contactdat1_.fax as fax14_1_1_, contactdat1_.firstname as firstna15_1_1_, contactdat1_.home as home16_1_1_, contactdat1_.homepage as homepag17_1_1_, contactdat1_.lastname as lastnam18_1_1_, contactdat1_.middlename as middlen19_1_1_, contactdat1_.mobile as mobile20_1_1_, contactdat1_.nickname as nicknam21_1_1_, contactdat1_.notes as notes22_1_1_, contactdat1_.phone2 as phone23_1_1_, contactdat1_.photo as photo24_1_1_, contactdat1_.title as title25_1_1_, contactdat1_.work as work26_1_1_ from address_in_groups groupconta0_ inner join addressbook contactdat1_ on groupconta0_.id=contactdat1_.id where groupconta0_.group_id=?
Hibernate: select contactgro0_.id as id1_0_0_, contactgro0_.group_id as group_id2_0_0_, groupdata1_.group_id as group_id1_2_1_, groupdata1_.group_footer as group_fo2_2_1_, groupdata1_.group_header as group_he3_2_1_, groupdata1_.group_name as group_na4_2_1_ from address_in_groups contactgro0_ inner join group_list groupdata1_ on contactgro0_.group_id=groupdata1_.group_id where contactgro0_.id=?
Hibernate: select contactgro0_.id as id1_0_0_, contactgro0_.group_id as group_id2_0_0_, groupdata1_.group_id as group_id1_2_1_, groupdata1_.group_footer as group_fo2_2_1_, groupdata1_.group_header as group_he3_2_1_, groupdata1_.group_name as group_na4_2_1_ from address_in_groups contactgro0_ inner join group_list groupdata1_ on contactgro0_.group_id=groupdata1_.group_id where contactgro0_.id=?
Hibernate: select contactgro0_.id as id1_0_0_, contactgro0_.group_id as group_id2_0_0_, groupdata1_.group_id as group_id1_2_1_, groupdata1_.group_footer as group_fo2_2_1_, groupdata1_.group_header as group_he3_2_1_, groupdata1_.group_name as group_na4_2_1_ from address_in_groups contactgro0_ inner join group_list groupdata1_ on contactgro0_.group_id=groupdata1_.group_id where contactgro0_.id=?
Hibernate: select contactgro0_.id as id1_0_0_, contactgro0_.group_id as group_id2_0_0_, groupdata1_.group_id as group_id1_2_1_, groupdata1_.group_footer as group_fo2_2_1_, groupdata1_.group_header as group_he3_2_1_, groupdata1_.group_name as group_na4_2_1_ from address_in_groups contactgro0_ inner join group_list groupdata1_ on contactgro0_.group_id=groupdata1_.group_id where contactgro0_.id=?
Hibernate: select contactgro0_.id as id1_0_0_, contactgro0_.group_id as group_id2_0_0_, groupdata1_.group_id as group_id1_2_1_, groupdata1_.group_footer as group_fo2_2_1_, groupdata1_.group_header as group_he3_2_1_, groupdata1_.group_name as group_na4_2_1_ from address_in_groups contactgro0_ inner join group_list groupdata1_ on contactgro0_.group_id=groupdata1_.group_id where contactgro0_.id=?
Hibernate: select contactgro0_.id as id1_0_0_, contactgro0_.group_id as group_id2_0_0_, groupdata1_.group_id as group_id1_2_1_, groupdata1_.group_footer as group_fo2_2_1_, groupdata1_.group_header as group_he3_2_1_, groupdata1_.group_name as group_na4_2_1_ from address_in_groups contactgro0_ inner join group_list groupdata1_ on contactgro0_.group_id=groupdata1_.group_id where contactgro0_.id=?
Hibernate: select contactgro0_.id as id1_0_0_, contactgro0_.group_id as group_id2_0_0_, groupdata1_.group_id as group_id1_2_1_, groupdata1_.group_footer as group_fo2_2_1_, groupdata1_.group_header as group_he3_2_1_, groupdata1_.group_name as group_na4_2_1_ from address_in_groups contactgro0_ inner join group_list groupdata1_ on contactgro0_.group_id=groupdata1_.group_id where contactgro0_.id=?
Hibernate: select groupconta0_.group_id as group_id2_0_0_, groupconta0_.id as id1_0_0_, contactdat1_.id as id1_1_1_, contactdat1_.aday as aday2_1_1_, contactdat1_.address as address3_1_1_, contactdat1_.address2 as address4_1_1_, contactdat1_.amonth as amonth5_1_1_, contactdat1_.ayear as ayear6_1_1_, contactdat1_.bday as bday7_1_1_, contactdat1_.bmonth as bmonth8_1_1_, contactdat1_.byear as byear9_1_1_, contactdat1_.company as company10_1_1_, contactdat1_.email as email11_1_1_, contactdat1_.email2 as email12_1_1_, contactdat1_.email3 as email13_1_1_, contactdat1_.fax as fax14_1_1_, contactdat1_.firstname as firstna15_1_1_, contactdat1_.home as home16_1_1_, contactdat1_.homepage as homepag17_1_1_, contactdat1_.lastname as lastnam18_1_1_, contactdat1_.middlename as middlen19_1_1_, contactdat1_.mobile as mobile20_1_1_, contactdat1_.nickname as nicknam21_1_1_, contactdat1_.notes as notes22_1_1_, contactdat1_.phone2 as phone23_1_1_, contactdat1_.photo as photo24_1_1_, contactdat1_.title as title25_1_1_, contactdat1_.work as work26_1_1_ from address_in_groups groupconta0_ inner join addressbook contactdat1_ on groupconta0_.id=contactdat1_.id where groupconta0_.group_id=?
23:03:19.884 [Test worker] INFO  qa.issart.com.tests.TestBase - Started test modifyGroupFromList
23:03:21.653 [Test worker] INFO  qa.issart.com.tests.TestBase - Modified group with id: 803 new group name: OgnVYCu2y6QJDD7Z2zHn old: jX5EZ0XicU98EXkjDv7R
Hibernate: select groupdata0_.group_id as group_id1_2_, groupdata0_.group_footer as group_fo2_2_, groupdata0_.group_header as group_he3_2_, groupdata0_.group_name as group_na4_2_ from group_list groupdata0_
Hibernate: select groupconta0_.group_id as group_id2_0_0_, groupconta0_.id as id1_0_0_, contactdat1_.id as id1_1_1_, contactdat1_.aday as aday2_1_1_, contactdat1_.address as address3_1_1_, contactdat1_.address2 as address4_1_1_, contactdat1_.amonth as amonth5_1_1_, contactdat1_.ayear as ayear6_1_1_, contactdat1_.bday as bday7_1_1_, contactdat1_.bmonth as bmonth8_1_1_, contactdat1_.byear as byear9_1_1_, contactdat1_.company as company10_1_1_, contactdat1_.email as email11_1_1_, contactdat1_.email2 as email12_1_1_, contactdat1_.email3 as email13_1_1_, contactdat1_.fax as fax14_1_1_, contactdat1_.firstname as firstna15_1_1_, contactdat1_.home as home16_1_1_, contactdat1_.homepage as homepag17_1_1_, contactdat1_.lastname as lastnam18_1_1_, contactdat1_.middlename as middlen19_1_1_, contactdat1_.mobile as mobile20_1_1_, contactdat1_.nickname as nicknam21_1_1_, contactdat1_.notes as notes22_1_1_, contactdat1_.phone2 as phone23_1_1_, contactdat1_.photo as photo24_1_1_, contactdat1_.title as title25_1_1_, contactdat1_.work as work26_1_1_ from address_in_groups groupconta0_ inner join addressbook contactdat1_ on groupconta0_.id=contactdat1_.id where groupconta0_.group_id=?
Hibernate: select groupconta0_.group_id as group_id2_0_0_, groupconta0_.id as id1_0_0_, contactdat1_.id as id1_1_1_, contactdat1_.aday as aday2_1_1_, contactdat1_.address as address3_1_1_, contactdat1_.address2 as address4_1_1_, contactdat1_.amonth as amonth5_1_1_, contactdat1_.ayear as ayear6_1_1_, contactdat1_.bday as bday7_1_1_, contactdat1_.bmonth as bmonth8_1_1_, contactdat1_.byear as byear9_1_1_, contactdat1_.company as company10_1_1_, contactdat1_.email as email11_1_1_, contactdat1_.email2 as email12_1_1_, contactdat1_.email3 as email13_1_1_, contactdat1_.fax as fax14_1_1_, contactdat1_.firstname as firstna15_1_1_, contactdat1_.home as home16_1_1_, contactdat1_.homepage as homepag17_1_1_, contactdat1_.lastname as lastnam18_1_1_, contactdat1_.middlename as middlen19_1_1_, contactdat1_.mobile as mobile20_1_1_, contactdat1_.nickname as nicknam21_1_1_, contactdat1_.notes as notes22_1_1_, contactdat1_.phone2 as phone23_1_1_, contactdat1_.photo as photo24_1_1_, contactdat1_.title as title25_1_1_, contactdat1_.work as work26_1_1_ from address_in_groups groupconta0_ inner join addressbook contactdat1_ on groupconta0_.id=contactdat1_.id where groupconta0_.group_id=?
Hibernate: select groupconta0_.group_id as group_id2_0_0_, groupconta0_.id as id1_0_0_, contactdat1_.id as id1_1_1_, contactdat1_.aday as aday2_1_1_, contactdat1_.address as address3_1_1_, contactdat1_.address2 as address4_1_1_, contactdat1_.amonth as amonth5_1_1_, contactdat1_.ayear as ayear6_1_1_, contactdat1_.bday as bday7_1_1_, contactdat1_.bmonth as bmonth8_1_1_, contactdat1_.byear as byear9_1_1_, contactdat1_.company as company10_1_1_, contactdat1_.email as email11_1_1_, contactdat1_.email2 as email12_1_1_, contactdat1_.email3 as email13_1_1_, contactdat1_.fax as fax14_1_1_, contactdat1_.firstname as firstna15_1_1_, contactdat1_.home as home16_1_1_, contactdat1_.homepage as homepag17_1_1_, contactdat1_.lastname as lastnam18_1_1_, contactdat1_.middlename as middlen19_1_1_, contactdat1_.mobile as mobile20_1_1_, contactdat1_.nickname as nicknam21_1_1_, contactdat1_.notes as notes22_1_1_, contactdat1_.phone2 as phone23_1_1_, contactdat1_.photo as photo24_1_1_, contactdat1_.title as title25_1_1_, contactdat1_.work as work26_1_1_ from address_in_groups groupconta0_ inner join addressbook contactdat1_ on groupconta0_.id=contactdat1_.id where groupconta0_.group_id=?
Hibernate: select groupconta0_.group_id as group_id2_0_0_, groupconta0_.id as id1_0_0_, contactdat1_.id as id1_1_1_, contactdat1_.aday as aday2_1_1_, contactdat1_.address as address3_1_1_, contactdat1_.address2 as address4_1_1_, contactdat1_.amonth as amonth5_1_1_, contactdat1_.ayear as ayear6_1_1_, contactdat1_.bday as bday7_1_1_, contactdat1_.bmonth as bmonth8_1_1_, contactdat1_.byear as byear9_1_1_, contactdat1_.company as company10_1_1_, contactdat1_.email as email11_1_1_, contactdat1_.email2 as email12_1_1_, contactdat1_.email3 as email13_1_1_, contactdat1_.fax as fax14_1_1_, contactdat1_.firstname as firstna15_1_1_, contactdat1_.home as home16_1_1_, contactdat1_.homepage as homepag17_1_1_, contactdat1_.lastname as lastnam18_1_1_, contactdat1_.middlename as middlen19_1_1_, contactdat1_.mobile as mobile20_1_1_, contactdat1_.nickname as nicknam21_1_1_, contactdat1_.notes as notes22_1_1_, contactdat1_.phone2 as phone23_1_1_, contactdat1_.photo as photo24_1_1_, contactdat1_.title as title25_1_1_, contactdat1_.work as work26_1_1_ from address_in_groups groupconta0_ inner join addressbook contactdat1_ on groupconta0_.id=contactdat1_.id where groupconta0_.group_id=?
Hibernate: select groupconta0_.group_id as group_id2_0_0_, groupconta0_.id as id1_0_0_, contactdat1_.id as id1_1_1_, contactdat1_.aday as aday2_1_1_, contactdat1_.address as address3_1_1_, contactdat1_.address2 as address4_1_1_, contactdat1_.amonth as amonth5_1_1_, contactdat1_.ayear as ayear6_1_1_, contactdat1_.bday as bday7_1_1_, contactdat1_.bmonth as bmonth8_1_1_, contactdat1_.byear as byear9_1_1_, contactdat1_.company as company10_1_1_, contactdat1_.email as email11_1_1_, contactdat1_.email2 as email12_1_1_, contactdat1_.email3 as email13_1_1_, contactdat1_.fax as fax14_1_1_, contactdat1_.firstname as firstna15_1_1_, contactdat1_.home as home16_1_1_, contactdat1_.homepage as homepag17_1_1_, contactdat1_.lastname as lastnam18_1_1_, contactdat1_.middlename as middlen19_1_1_, contactdat1_.mobile as mobile20_1_1_, contactdat1_.nickname as nicknam21_1_1_, contactdat1_.notes as notes22_1_1_, contactdat1_.phone2 as phone23_1_1_, contactdat1_.photo as photo24_1_1_, contactdat1_.title as title25_1_1_, contactdat1_.work as work26_1_1_ from address_in_groups groupconta0_ inner join addressbook contactdat1_ on groupconta0_.id=contactdat1_.id where groupconta0_.group_id=?
Hibernate: select groupconta0_.group_id as group_id2_0_0_, groupconta0_.id as id1_0_0_, contactdat1_.id as id1_1_1_, contactdat1_.aday as aday2_1_1_, contactdat1_.address as address3_1_1_, contactdat1_.address2 as address4_1_1_, contactdat1_.amonth as amonth5_1_1_, contactdat1_.ayear as ayear6_1_1_, contactdat1_.bday as bday7_1_1_, contactdat1_.bmonth as bmonth8_1_1_, contactdat1_.byear as byear9_1_1_, contactdat1_.company as company10_1_1_, contactdat1_.email as email11_1_1_, contactdat1_.email2 as email12_1_1_, contactdat1_.email3 as email13_1_1_, contactdat1_.fax as fax14_1_1_, contactdat1_.firstname as firstna15_1_1_, contactdat1_.home as home16_1_1_, contactdat1_.homepage as homepag17_1_1_, contactdat1_.lastname as lastnam18_1_1_, contactdat1_.middlename as middlen19_1_1_, contactdat1_.mobile as mobile20_1_1_, contactdat1_.nickname as nicknam21_1_1_, contactdat1_.notes as notes22_1_1_, contactdat1_.phone2 as phone23_1_1_, contactdat1_.photo as photo24_1_1_, contactdat1_.title as title25_1_1_, contactdat1_.work as work26_1_1_ from address_in_groups groupconta0_ inner join addressbook contactdat1_ on groupconta0_.id=contactdat1_.id where groupconta0_.group_id=?
Hibernate: select groupconta0_.group_id as group_id2_0_0_, groupconta0_.id as id1_0_0_, contactdat1_.id as id1_1_1_, contactdat1_.aday as aday2_1_1_, contactdat1_.address as address3_1_1_, contactdat1_.address2 as address4_1_1_, contactdat1_.amonth as amonth5_1_1_, contactdat1_.ayear as ayear6_1_1_, contactdat1_.bday as bday7_1_1_, contactdat1_.bmonth as bmonth8_1_1_, contactdat1_.byear as byear9_1_1_, contactdat1_.company as company10_1_1_, contactdat1_.email as email11_1_1_, contactdat1_.email2 as email12_1_1_, contactdat1_.email3 as email13_1_1_, contactdat1_.fax as fax14_1_1_, contactdat1_.firstname as firstna15_1_1_, contactdat1_.home as home16_1_1_, contactdat1_.homepage as homepag17_1_1_, contactdat1_.lastname as lastnam18_1_1_, contactdat1_.middlename as middlen19_1_1_, contactdat1_.mobile as mobile20_1_1_, contactdat1_.nickname as nicknam21_1_1_, contactdat1_.notes as notes22_1_1_, contactdat1_.phone2 as phone23_1_1_, contactdat1_.photo as photo24_1_1_, contactdat1_.title as title25_1_1_, contactdat1_.work as work26_1_1_ from address_in_groups groupconta0_ inner join addressbook contactdat1_ on groupconta0_.id=contactdat1_.id where groupconta0_.group_id=?
Hibernate: select groupconta0_.group_id as group_id2_0_0_, groupconta0_.id as id1_0_0_, contactdat1_.id as id1_1_1_, contactdat1_.aday as aday2_1_1_, contactdat1_.address as address3_1_1_, contactdat1_.address2 as address4_1_1_, contactdat1_.amonth as amonth5_1_1_, contactdat1_.ayear as ayear6_1_1_, contactdat1_.bday as bday7_1_1_, contactdat1_.bmonth as bmonth8_1_1_, contactdat1_.byear as byear9_1_1_, contactdat1_.company as company10_1_1_, contactdat1_.email as email11_1_1_, contactdat1_.email2 as email12_1_1_, contactdat1_.email3 as email13_1_1_, contactdat1_.fax as fax14_1_1_, contactdat1_.firstname as firstna15_1_1_, contactdat1_.home as home16_1_1_, contactdat1_.homepage as homepag17_1_1_, contactdat1_.lastname as lastnam18_1_1_, contactdat1_.middlename as middlen19_1_1_, contactdat1_.mobile as mobile20_1_1_, contactdat1_.nickname as nicknam21_1_1_, contactdat1_.notes as notes22_1_1_, contactdat1_.phone2 as phone23_1_1_, contactdat1_.photo as photo24_1_1_, contactdat1_.title as title25_1_1_, contactdat1_.work as work26_1_1_ from address_in_groups groupconta0_ inner join addressbook contactdat1_ on groupconta0_.id=contactdat1_.id where groupconta0_.group_id=?
Hibernate: select groupconta0_.group_id as group_id2_0_0_, groupconta0_.id as id1_0_0_, contactdat1_.id as id1_1_1_, contactdat1_.aday as aday2_1_1_, contactdat1_.address as address3_1_1_, contactdat1_.address2 as address4_1_1_, contactdat1_.amonth as amonth5_1_1_, contactdat1_.ayear as ayear6_1_1_, contactdat1_.bday as bday7_1_1_, contactdat1_.bmonth as bmonth8_1_1_, contactdat1_.byear as byear9_1_1_, contactdat1_.company as company10_1_1_, contactdat1_.email as email11_1_1_, contactdat1_.email2 as email12_1_1_, contactdat1_.email3 as email13_1_1_, contactdat1_.fax as fax14_1_1_, contactdat1_.firstname as firstna15_1_1_, contactdat1_.home as home16_1_1_, contactdat1_.homepage as homepag17_1_1_, contactdat1_.lastname as lastnam18_1_1_, contactdat1_.middlename as middlen19_1_1_, contactdat1_.mobile as mobile20_1_1_, contactdat1_.nickname as nicknam21_1_1_, contactdat1_.notes as notes22_1_1_, contactdat1_.phone2 as phone23_1_1_, contactdat1_.photo as photo24_1_1_, contactdat1_.title as title25_1_1_, contactdat1_.work as work26_1_1_ from address_in_groups groupconta0_ inner join addressbook contactdat1_ on groupconta0_.id=contactdat1_.id where groupconta0_.group_id=?
Hibernate: select groupconta0_.group_id as group_id2_0_0_, groupconta0_.id as id1_0_0_, contactdat1_.id as id1_1_1_, contactdat1_.aday as aday2_1_1_, contactdat1_.address as address3_1_1_, contactdat1_.address2 as address4_1_1_, contactdat1_.amonth as amonth5_1_1_, contactdat1_.ayear as ayear6_1_1_, contactdat1_.bday as bday7_1_1_, contactdat1_.bmonth as bmonth8_1_1_, contactdat1_.byear as byear9_1_1_, contactdat1_.company as company10_1_1_, contactdat1_.email as email11_1_1_, contactdat1_.email2 as email12_1_1_, contactdat1_.email3 as email13_1_1_, contactdat1_.fax as fax14_1_1_, contactdat1_.firstname as firstna15_1_1_, contactdat1_.home as home16_1_1_, contactdat1_.homepage as homepag17_1_1_, contactdat1_.lastname as lastnam18_1_1_, contactdat1_.middlename as middlen19_1_1_, contactdat1_.mobile as mobile20_1_1_, contactdat1_.nickname as nicknam21_1_1_, contactdat1_.notes as notes22_1_1_, contactdat1_.phone2 as phone23_1_1_, contactdat1_.photo as photo24_1_1_, contactdat1_.title as title25_1_1_, contactdat1_.work as work26_1_1_ from address_in_groups groupconta0_ inner join addressbook contactdat1_ on groupconta0_.id=contactdat1_.id where groupconta0_.group_id=?
Hibernate: select groupconta0_.group_id as group_id2_0_0_, groupconta0_.id as id1_0_0_, contactdat1_.id as id1_1_1_, contactdat1_.aday as aday2_1_1_, contactdat1_.address as address3_1_1_, contactdat1_.address2 as address4_1_1_, contactdat1_.amonth as amonth5_1_1_, contactdat1_.ayear as ayear6_1_1_, contactdat1_.bday as bday7_1_1_, contactdat1_.bmonth as bmonth8_1_1_, contactdat1_.byear as byear9_1_1_, contactdat1_.company as company10_1_1_, contactdat1_.email as email11_1_1_, contactdat1_.email2 as email12_1_1_, contactdat1_.email3 as email13_1_1_, contactdat1_.fax as fax14_1_1_, contactdat1_.firstname as firstna15_1_1_, contactdat1_.home as home16_1_1_, contactdat1_.homepage as homepag17_1_1_, contactdat1_.lastname as lastnam18_1_1_, contactdat1_.middlename as middlen19_1_1_, contactdat1_.mobile as mobile20_1_1_, contactdat1_.nickname as nicknam21_1_1_, contactdat1_.notes as notes22_1_1_, contactdat1_.phone2 as phone23_1_1_, contactdat1_.photo as photo24_1_1_, contactdat1_.title as title25_1_1_, contactdat1_.work as work26_1_1_ from address_in_groups groupconta0_ inner join addressbook contactdat1_ on groupconta0_.id=contactdat1_.id where groupconta0_.group_id=?
Hibernate: select contactgro0_.id as id1_0_0_, contactgro0_.group_id as group_id2_0_0_, groupdata1_.group_id as group_id1_2_1_, groupdata1_.group_footer as group_fo2_2_1_, groupdata1_.group_header as group_he3_2_1_, groupdata1_.group_name as group_na4_2_1_ from address_in_groups contactgro0_ inner join group_list groupdata1_ on contactgro0_.group_id=groupdata1_.group_id where contactgro0_.id=?
Hibernate: select groupconta0_.group_id as group_id2_0_0_, groupconta0_.id as id1_0_0_, contactdat1_.id as id1_1_1_, contactdat1_.aday as aday2_1_1_, contactdat1_.address as address3_1_1_, contactdat1_.address2 as address4_1_1_, contactdat1_.amonth as amonth5_1_1_, contactdat1_.ayear as ayear6_1_1_, contactdat1_.bday as bday7_1_1_, contactdat1_.bmonth as bmonth8_1_1_, contactdat1_.byear as byear9_1_1_, contactdat1_.company as company10_1_1_, contactdat1_.email as email11_1_1_, contactdat1_.email2 as email12_1_1_, contactdat1_.email3 as email13_1_1_, contactdat1_.fax as fax14_1_1_, contactdat1_.firstname as firstna15_1_1_, contactdat1_.home as home16_1_1_, contactdat1_.homepage as homepag17_1_1_, contactdat1_.lastname as lastnam18_1_1_, contactdat1_.middlename as middlen19_1_1_, contactdat1_.mobile as mobile20_1_1_, contactdat1_.nickname as nicknam21_1_1_, contactdat1_.notes as notes22_1_1_, contactdat1_.phone2 as phone23_1_1_, contactdat1_.photo as photo24_1_1_, contactdat1_.title as title25_1_1_, contactdat1_.work as work26_1_1_ from address_in_groups groupconta0_ inner join addressbook contactdat1_ on groupconta0_.id=contactdat1_.id where groupconta0_.group_id=?
Hibernate: select groupconta0_.group_id as group_id2_0_0_, groupconta0_.id as id1_0_0_, contactdat1_.id as id1_1_1_, contactdat1_.aday as aday2_1_1_, contactdat1_.address as address3_1_1_, contactdat1_.address2 as address4_1_1_, contactdat1_.amonth as amonth5_1_1_, contactdat1_.ayear as ayear6_1_1_, contactdat1_.bday as bday7_1_1_, contactdat1_.bmonth as bmonth8_1_1_, contactdat1_.byear as byear9_1_1_, contactdat1_.company as company10_1_1_, contactdat1_.email as email11_1_1_, contactdat1_.email2 as email12_1_1_, contactdat1_.email3 as email13_1_1_, contactdat1_.fax as fax14_1_1_, contactdat1_.firstname as firstna15_1_1_, contactdat1_.home as home16_1_1_, contactdat1_.homepage as homepag17_1_1_, contactdat1_.lastname as lastnam18_1_1_, contactdat1_.middlename as middlen19_1_1_, contactdat1_.mobile as mobile20_1_1_, contactdat1_.nickname as nicknam21_1_1_, contactdat1_.notes as notes22_1_1_, contactdat1_.phone2 as phone23_1_1_, contactdat1_.photo as photo24_1_1_, contactdat1_.title as title25_1_1_, contactdat1_.work as work26_1_1_ from address_in_groups groupconta0_ inner join addressbook contactdat1_ on groupconta0_.id=contactdat1_.id where groupconta0_.group_id=?
Hibernate: select contactgro0_.id as id1_0_0_, contactgro0_.group_id as group_id2_0_0_, groupdata1_.group_id as group_id1_2_1_, groupdata1_.group_footer as group_fo2_2_1_, groupdata1_.group_header as group_he3_2_1_, groupdata1_.group_name as group_na4_2_1_ from address_in_groups contactgro0_ inner join group_list groupdata1_ on contactgro0_.group_id=groupdata1_.group_id where contactgro0_.id=?
Hibernate: select groupconta0_.group_id as group_id2_0_0_, groupconta0_.id as id1_0_0_, contactdat1_.id as id1_1_1_, contactdat1_.aday as aday2_1_1_, contactdat1_.address as address3_1_1_, contactdat1_.address2 as address4_1_1_, contactdat1_.amonth as amonth5_1_1_, contactdat1_.ayear as ayear6_1_1_, contactdat1_.bday as bday7_1_1_, contactdat1_.bmonth as bmonth8_1_1_, contactdat1_.byear as byear9_1_1_, contactdat1_.company as company10_1_1_, contactdat1_.email as email11_1_1_, contactdat1_.email2 as email12_1_1_, contactdat1_.email3 as email13_1_1_, contactdat1_.fax as fax14_1_1_, contactdat1_.firstname as firstna15_1_1_, contactdat1_.home as home16_1_1_, contactdat1_.homepage as homepag17_1_1_, contactdat1_.lastname as lastnam18_1_1_, contactdat1_.middlename as middlen19_1_1_, contactdat1_.mobile as mobile20_1_1_, contactdat1_.nickname as nicknam21_1_1_, contactdat1_.notes as notes22_1_1_, contactdat1_.phone2 as phone23_1_1_, contactdat1_.photo as photo24_1_1_, contactdat1_.title as title25_1_1_, contactdat1_.work as work26_1_1_ from address_in_groups groupconta0_ inner join addressbook contactdat1_ on groupconta0_.id=contactdat1_.id where groupconta0_.group_id=?
Hibernate: select contactgro0_.id as id1_0_0_, contactgro0_.group_id as group_id2_0_0_, groupdata1_.group_id as group_id1_2_1_, groupdata1_.group_footer as group_fo2_2_1_, groupdata1_.group_header as group_he3_2_1_, groupdata1_.group_name as group_na4_2_1_ from address_in_groups contactgro0_ inner join group_list groupdata1_ on contactgro0_.group_id=groupdata1_.group_id where contactgro0_.id=?
Hibernate: select groupconta0_.group_id as group_id2_0_0_, groupconta0_.id as id1_0_0_, contactdat1_.id as id1_1_1_, contactdat1_.aday as aday2_1_1_, contactdat1_.address as address3_1_1_, contactdat1_.address2 as address4_1_1_, contactdat1_.amonth as amonth5_1_1_, contactdat1_.ayear as ayear6_1_1_, contactdat1_.bday as bday7_1_1_, contactdat1_.bmonth as bmonth8_1_1_, contactdat1_.byear as byear9_1_1_, contactdat1_.company as company10_1_1_, contactdat1_.email as email11_1_1_, contactdat1_.email2 as email12_1_1_, contactdat1_.email3 as email13_1_1_, contactdat1_.fax as fax14_1_1_, contactdat1_.firstname as firstna15_1_1_, contactdat1_.home as home16_1_1_, contactdat1_.homepage as homepag17_1_1_, contactdat1_.lastname as lastnam18_1_1_, contactdat1_.middlename as middlen19_1_1_, contactdat1_.mobile as mobile20_1_1_, contactdat1_.nickname as nicknam21_1_1_, contactdat1_.notes as notes22_1_1_, contactdat1_.phone2 as phone23_1_1_, contactdat1_.photo as photo24_1_1_, contactdat1_.title as title25_1_1_, contactdat1_.work as work26_1_1_ from address_in_groups groupconta0_ inner join addressbook contactdat1_ on groupconta0_.id=contactdat1_.id where groupconta0_.group_id=?
Hibernate: select contactgro0_.id as id1_0_0_, contactgro0_.group_id as group_id2_0_0_, groupdata1_.group_id as group_id1_2_1_, groupdata1_.group_footer as group_fo2_2_1_, groupdata1_.group_header as group_he3_2_1_, groupdata1_.group_name as group_na4_2_1_ from address_in_groups contactgro0_ inner join group_list groupdata1_ on contactgro0_.group_id=groupdata1_.group_id where contactgro0_.id=?
Hibernate: select groupconta0_.group_id as group_id2_0_0_, groupconta0_.id as id1_0_0_, contactdat1_.id as id1_1_1_, contactdat1_.aday as aday2_1_1_, contactdat1_.address as address3_1_1_, contactdat1_.address2 as address4_1_1_, contactdat1_.amonth as amonth5_1_1_, contactdat1_.ayear as ayear6_1_1_, contactdat1_.bday as bday7_1_1_, contactdat1_.bmonth as bmonth8_1_1_, contactdat1_.byear as byear9_1_1_, contactdat1_.company as company10_1_1_, contactdat1_.email as email11_1_1_, contactdat1_.email2 as email12_1_1_, contactdat1_.email3 as email13_1_1_, contactdat1_.fax as fax14_1_1_, contactdat1_.firstname as firstna15_1_1_, contactdat1_.home as home16_1_1_, contactdat1_.homepage as homepag17_1_1_, contactdat1_.lastname as lastnam18_1_1_, contactdat1_.middlename as middlen19_1_1_, contactdat1_.mobile as mobile20_1_1_, contactdat1_.nickname as nicknam21_1_1_, contactdat1_.notes as notes22_1_1_, contactdat1_.phone2 as phone23_1_1_, contactdat1_.photo as photo24_1_1_, contactdat1_.title as title25_1_1_, contactdat1_.work as work26_1_1_ from address_in_groups groupconta0_ inner join addressbook contactdat1_ on groupconta0_.id=contactdat1_.id where groupconta0_.group_id=?
Hibernate: select contactgro0_.id as id1_0_0_, contactgro0_.group_id as group_id2_0_0_, groupdata1_.group_id as group_id1_2_1_, groupdata1_.group_footer as group_fo2_2_1_, groupdata1_.group_header as group_he3_2_1_, groupdata1_.group_name as group_na4_2_1_ from address_in_groups contactgro0_ inner join group_list groupdata1_ on contactgro0_.group_id=groupdata1_.group_id where contactgro0_.id=?
Hibernate: select contactgro0_.id as id1_0_0_, contactgro0_.group_id as group_id2_0_0_, groupdata1_.group_id as group_id1_2_1_, groupdata1_.group_footer as group_fo2_2_1_, groupdata1_.group_header as group_he3_2_1_, groupdata1_.group_name as group_na4_2_1_ from address_in_groups contactgro0_ inner join group_list groupdata1_ on contactgro0_.group_id=groupdata1_.group_id where contactgro0_.id=?
Hibernate: select contactgro0_.id as id1_0_0_, contactgro0_.group_id as group_id2_0_0_, groupdata1_.group_id as group_id1_2_1_, groupdata1_.group_footer as group_fo2_2_1_, groupdata1_.group_header as group_he3_2_1_, groupdata1_.group_name as group_na4_2_1_ from address_in_groups contactgro0_ inner join group_list groupdata1_ on contactgro0_.group_id=groupdata1_.group_id where contactgro0_.id=?
Hibernate: select contactgro0_.id as id1_0_0_, contactgro0_.group_id as group_id2_0_0_, groupdata1_.group_id as group_id1_2_1_, groupdata1_.group_footer as group_fo2_2_1_, groupdata1_.group_header as group_he3_2_1_, groupdata1_.group_name as group_na4_2_1_ from address_in_groups contactgro0_ inner join group_list groupdata1_ on contactgro0_.group_id=groupdata1_.group_id where contactgro0_.id=?
Hibernate: select contactgro0_.id as id1_0_0_, contactgro0_.group_id as group_id2_0_0_, groupdata1_.group_id as group_id1_2_1_, groupdata1_.group_footer as group_fo2_2_1_, groupdata1_.group_header as group_he3_2_1_, groupdata1_.group_name as group_na4_2_1_ from address_in_groups contactgro0_ inner join group_list groupdata1_ on contactgro0_.group_id=groupdata1_.group_id where contactgro0_.id=?
Hibernate: select contactgro0_.id as id1_0_0_, contactgro0_.group_id as group_id2_0_0_, groupdata1_.group_id as group_id1_2_1_, groupdata1_.group_footer as group_fo2_2_1_, groupdata1_.group_header as group_he3_2_1_, groupdata1_.group_name as group_na4_2_1_ from address_in_groups contactgro0_ inner join group_list groupdata1_ on contactgro0_.group_id=groupdata1_.group_id where contactgro0_.id=?
Hibernate: select contactgro0_.id as id1_0_0_, contactgro0_.group_id as group_id2_0_0_, groupdata1_.group_id as group_id1_2_1_, groupdata1_.group_footer as group_fo2_2_1_, groupdata1_.group_header as group_he3_2_1_, groupdata1_.group_name as group_na4_2_1_ from address_in_groups contactgro0_ inner join group_list groupdata1_ on contactgro0_.group_id=groupdata1_.group_id where contactgro0_.id=?
Hibernate: select groupconta0_.group_id as group_id2_0_0_, groupconta0_.id as id1_0_0_, contactdat1_.id as id1_1_1_, contactdat1_.aday as aday2_1_1_, contactdat1_.address as address3_1_1_, contactdat1_.address2 as address4_1_1_, contactdat1_.amonth as amonth5_1_1_, contactdat1_.ayear as ayear6_1_1_, contactdat1_.bday as bday7_1_1_, contactdat1_.bmonth as bmonth8_1_1_, contactdat1_.byear as byear9_1_1_, contactdat1_.company as company10_1_1_, contactdat1_.email as email11_1_1_, contactdat1_.email2 as email12_1_1_, contactdat1_.email3 as email13_1_1_, contactdat1_.fax as fax14_1_1_, contactdat1_.firstname as firstna15_1_1_, contactdat1_.home as home16_1_1_, contactdat1_.homepage as homepag17_1_1_, contactdat1_.lastname as lastnam18_1_1_, contactdat1_.middlename as middlen19_1_1_, contactdat1_.mobile as mobile20_1_1_, contactdat1_.nickname as nicknam21_1_1_, contactdat1_.notes as notes22_1_1_, contactdat1_.phone2 as phone23_1_1_, contactdat1_.photo as photo24_1_1_, contactdat1_.title as title25_1_1_, contactdat1_.work as work26_1_1_ from address_in_groups groupconta0_ inner join addressbook contactdat1_ on groupconta0_.id=contactdat1_.id where groupconta0_.group_id=?
23:03:21.851 [Test worker] INFO  qa.issart.com.tests.TestBase - Started test modifyGroupFromList
23:03:23.751 [Test worker] INFO  qa.issart.com.tests.TestBase - Modified group with id: 797 new group name: 1M74S4cqqeijaDvEHoFf old: B4WKwetDQ0uGsHz4Rmwv
Hibernate: select groupdata0_.group_id as group_id1_2_, groupdata0_.group_footer as group_fo2_2_, groupdata0_.group_header as group_he3_2_, groupdata0_.group_name as group_na4_2_ from group_list groupdata0_
Hibernate: select groupconta0_.group_id as group_id2_0_0_, groupconta0_.id as id1_0_0_, contactdat1_.id as id1_1_1_, contactdat1_.aday as aday2_1_1_, contactdat1_.address as address3_1_1_, contactdat1_.address2 as address4_1_1_, contactdat1_.amonth as amonth5_1_1_, contactdat1_.ayear as ayear6_1_1_, contactdat1_.bday as bday7_1_1_, contactdat1_.bmonth as bmonth8_1_1_, contactdat1_.byear as byear9_1_1_, contactdat1_.company as company10_1_1_, contactdat1_.email as email11_1_1_, contactdat1_.email2 as email12_1_1_, contactdat1_.email3 as email13_1_1_, contactdat1_.fax as fax14_1_1_, contactdat1_.firstname as firstna15_1_1_, contactdat1_.home as home16_1_1_, contactdat1_.homepage as homepag17_1_1_, contactdat1_.lastname as lastnam18_1_1_, contactdat1_.middlename as middlen19_1_1_, contactdat1_.mobile as mobile20_1_1_, contactdat1_.nickname as nicknam21_1_1_, contactdat1_.notes as notes22_1_1_, contactdat1_.phone2 as phone23_1_1_, contactdat1_.photo as photo24_1_1_, contactdat1_.title as title25_1_1_, contactdat1_.work as work26_1_1_ from address_in_groups groupconta0_ inner join addressbook contactdat1_ on groupconta0_.id=contactdat1_.id where groupconta0_.group_id=?
Hibernate: select groupconta0_.group_id as group_id2_0_0_, groupconta0_.id as id1_0_0_, contactdat1_.id as id1_1_1_, contactdat1_.aday as aday2_1_1_, contactdat1_.address as address3_1_1_, contactdat1_.address2 as address4_1_1_, contactdat1_.amonth as amonth5_1_1_, contactdat1_.ayear as ayear6_1_1_, contactdat1_.bday as bday7_1_1_, contactdat1_.bmonth as bmonth8_1_1_, contactdat1_.byear as byear9_1_1_, contactdat1_.company as company10_1_1_, contactdat1_.email as email11_1_1_, contactdat1_.email2 as email12_1_1_, contactdat1_.email3 as email13_1_1_, contactdat1_.fax as fax14_1_1_, contactdat1_.firstname as firstna15_1_1_, contactdat1_.home as home16_1_1_, contactdat1_.homepage as homepag17_1_1_, contactdat1_.lastname as lastnam18_1_1_, contactdat1_.middlename as middlen19_1_1_, contactdat1_.mobile as mobile20_1_1_, contactdat1_.nickname as nicknam21_1_1_, contactdat1_.notes as notes22_1_1_, contactdat1_.phone2 as phone23_1_1_, contactdat1_.photo as photo24_1_1_, contactdat1_.title as title25_1_1_, contactdat1_.work as work26_1_1_ from address_in_groups groupconta0_ inner join addressbook contactdat1_ on groupconta0_.id=contactdat1_.id where groupconta0_.group_id=?
Hibernate: select groupconta0_.group_id as group_id2_0_0_, groupconta0_.id as id1_0_0_, contactdat1_.id as id1_1_1_, contactdat1_.aday as aday2_1_1_, contactdat1_.address as address3_1_1_, contactdat1_.address2 as address4_1_1_, contactdat1_.amonth as amonth5_1_1_, contactdat1_.ayear as ayear6_1_1_, contactdat1_.bday as bday7_1_1_, contactdat1_.bmonth as bmonth8_1_1_, contactdat1_.byear as byear9_1_1_, contactdat1_.company as company10_1_1_, contactdat1_.email as email11_1_1_, contactdat1_.email2 as email12_1_1_, contactdat1_.email3 as email13_1_1_, contactdat1_.fax as fax14_1_1_, contactdat1_.firstname as firstna15_1_1_, contactdat1_.home as home16_1_1_, contactdat1_.homepage as homepag17_1_1_, contactdat1_.lastname as lastnam18_1_1_, contactdat1_.middlename as middlen19_1_1_, contactdat1_.mobile as mobile20_1_1_, contactdat1_.nickname as nicknam21_1_1_, contactdat1_.notes as notes22_1_1_, contactdat1_.phone2 as phone23_1_1_, contactdat1_.photo as photo24_1_1_, contactdat1_.title as title25_1_1_, contactdat1_.work as work26_1_1_ from address_in_groups groupconta0_ inner join addressbook contactdat1_ on groupconta0_.id=contactdat1_.id where groupconta0_.group_id=?
Hibernate: select groupconta0_.group_id as group_id2_0_0_, groupconta0_.id as id1_0_0_, contactdat1_.id as id1_1_1_, contactdat1_.aday as aday2_1_1_, contactdat1_.address as address3_1_1_, contactdat1_.address2 as address4_1_1_, contactdat1_.amonth as amonth5_1_1_, contactdat1_.ayear as ayear6_1_1_, contactdat1_.bday as bday7_1_1_, contactdat1_.bmonth as bmonth8_1_1_, contactdat1_.byear as byear9_1_1_, contactdat1_.company as company10_1_1_, contactdat1_.email as email11_1_1_, contactdat1_.email2 as email12_1_1_, contactdat1_.email3 as email13_1_1_, contactdat1_.fax as fax14_1_1_, contactdat1_.firstname as firstna15_1_1_, contactdat1_.home as home16_1_1_, contactdat1_.homepage as homepag17_1_1_, contactdat1_.lastname as lastnam18_1_1_, contactdat1_.middlename as middlen19_1_1_, contactdat1_.mobile as mobile20_1_1_, contactdat1_.nickname as nicknam21_1_1_, contactdat1_.notes as notes22_1_1_, contactdat1_.phone2 as phone23_1_1_, contactdat1_.photo as photo24_1_1_, contactdat1_.title as title25_1_1_, contactdat1_.work as work26_1_1_ from address_in_groups groupconta0_ inner join addressbook contactdat1_ on groupconta0_.id=contactdat1_.id where groupconta0_.group_id=?
Hibernate: select groupconta0_.group_id as group_id2_0_0_, groupconta0_.id as id1_0_0_, contactdat1_.id as id1_1_1_, contactdat1_.aday as aday2_1_1_, contactdat1_.address as address3_1_1_, contactdat1_.address2 as address4_1_1_, contactdat1_.amonth as amonth5_1_1_, contactdat1_.ayear as ayear6_1_1_, contactdat1_.bday as bday7_1_1_, contactdat1_.bmonth as bmonth8_1_1_, contactdat1_.byear as byear9_1_1_, contactdat1_.company as company10_1_1_, contactdat1_.email as email11_1_1_, contactdat1_.email2 as email12_1_1_, contactdat1_.email3 as email13_1_1_, contactdat1_.fax as fax14_1_1_, contactdat1_.firstname as firstna15_1_1_, contactdat1_.home as home16_1_1_, contactdat1_.homepage as homepag17_1_1_, contactdat1_.lastname as lastnam18_1_1_, contactdat1_.middlename as middlen19_1_1_, contactdat1_.mobile as mobile20_1_1_, contactdat1_.nickname as nicknam21_1_1_, contactdat1_.notes as notes22_1_1_, contactdat1_.phone2 as phone23_1_1_, contactdat1_.photo as photo24_1_1_, contactdat1_.title as title25_1_1_, contactdat1_.work as work26_1_1_ from address_in_groups groupconta0_ inner join addressbook contactdat1_ on groupconta0_.id=contactdat1_.id where groupconta0_.group_id=?
Hibernate: select groupconta0_.group_id as group_id2_0_0_, groupconta0_.id as id1_0_0_, contactdat1_.id as id1_1_1_, contactdat1_.aday as aday2_1_1_, contactdat1_.address as address3_1_1_, contactdat1_.address2 as address4_1_1_, contactdat1_.amonth as amonth5_1_1_, contactdat1_.ayear as ayear6_1_1_, contactdat1_.bday as bday7_1_1_, contactdat1_.bmonth as bmonth8_1_1_, contactdat1_.byear as byear9_1_1_, contactdat1_.company as company10_1_1_, contactdat1_.email as email11_1_1_, contactdat1_.email2 as email12_1_1_, contactdat1_.email3 as email13_1_1_, contactdat1_.fax as fax14_1_1_, contactdat1_.firstname as firstna15_1_1_, contactdat1_.home as home16_1_1_, contactdat1_.homepage as homepag17_1_1_, contactdat1_.lastname as lastnam18_1_1_, contactdat1_.middlename as middlen19_1_1_, contactdat1_.mobile as mobile20_1_1_, contactdat1_.nickname as nicknam21_1_1_, contactdat1_.notes as notes22_1_1_, contactdat1_.phone2 as phone23_1_1_, contactdat1_.photo as photo24_1_1_, contactdat1_.title as title25_1_1_, contactdat1_.work as work26_1_1_ from address_in_groups groupconta0_ inner join addressbook contactdat1_ on groupconta0_.id=contactdat1_.id where groupconta0_.group_id=?
Hibernate: select groupconta0_.group_id as group_id2_0_0_, groupconta0_.id as id1_0_0_, contactdat1_.id as id1_1_1_, contactdat1_.aday as aday2_1_1_, contactdat1_.address as address3_1_1_, contactdat1_.address2 as address4_1_1_, contactdat1_.amonth as amonth5_1_1_, contactdat1_.ayear as ayear6_1_1_, contactdat1_.bday as bday7_1_1_, contactdat1_.bmonth as bmonth8_1_1_, contactdat1_.byear as byear9_1_1_, contactdat1_.company as company10_1_1_, contactdat1_.email as email11_1_1_, contactdat1_.email2 as email12_1_1_, contactdat1_.email3 as email13_1_1_, contactdat1_.fax as fax14_1_1_, contactdat1_.firstname as firstna15_1_1_, contactdat1_.home as home16_1_1_, contactdat1_.homepage as homepag17_1_1_, contactdat1_.lastname as lastnam18_1_1_, contactdat1_.middlename as middlen19_1_1_, contactdat1_.mobile as mobile20_1_1_, contactdat1_.nickname as nicknam21_1_1_, contactdat1_.notes as notes22_1_1_, contactdat1_.phone2 as phone23_1_1_, contactdat1_.photo as photo24_1_1_, contactdat1_.title as title25_1_1_, contactdat1_.work as work26_1_1_ from address_in_groups groupconta0_ inner join addressbook contactdat1_ on groupconta0_.id=contactdat1_.id where groupconta0_.group_id=?
Hibernate: select groupconta0_.group_id as group_id2_0_0_, groupconta0_.id as id1_0_0_, contactdat1_.id as id1_1_1_, contactdat1_.aday as aday2_1_1_, contactdat1_.address as address3_1_1_, contactdat1_.address2 as address4_1_1_, contactdat1_.amonth as amonth5_1_1_, contactdat1_.ayear as ayear6_1_1_, contactdat1_.bday as bday7_1_1_, contactdat1_.bmonth as bmonth8_1_1_, contactdat1_.byear as byear9_1_1_, contactdat1_.company as company10_1_1_, contactdat1_.email as email11_1_1_, contactdat1_.email2 as email12_1_1_, contactdat1_.email3 as email13_1_1_, contactdat1_.fax as fax14_1_1_, contactdat1_.firstname as firstna15_1_1_, contactdat1_.home as home16_1_1_, contactdat1_.homepage as homepag17_1_1_, contactdat1_.lastname as lastnam18_1_1_, contactdat1_.middlename as middlen19_1_1_, contactdat1_.mobile as mobile20_1_1_, contactdat1_.nickname as nicknam21_1_1_, contactdat1_.notes as notes22_1_1_, contactdat1_.phone2 as phone23_1_1_, contactdat1_.photo as photo24_1_1_, contactdat1_.title as title25_1_1_, contactdat1_.work as work26_1_1_ from address_in_groups groupconta0_ inner join addressbook contactdat1_ on groupconta0_.id=contactdat1_.id where groupconta0_.group_id=?
Hibernate: select groupconta0_.group_id as group_id2_0_0_, groupconta0_.id as id1_0_0_, contactdat1_.id as id1_1_1_, contactdat1_.aday as aday2_1_1_, contactdat1_.address as address3_1_1_, contactdat1_.address2 as address4_1_1_, contactdat1_.amonth as amonth5_1_1_, contactdat1_.ayear as ayear6_1_1_, contactdat1_.bday as bday7_1_1_, contactdat1_.bmonth as bmonth8_1_1_, contactdat1_.byear as byear9_1_1_, contactdat1_.company as company10_1_1_, contactdat1_.email as email11_1_1_, contactdat1_.email2 as email12_1_1_, contactdat1_.email3 as email13_1_1_, contactdat1_.fax as fax14_1_1_, contactdat1_.firstname as firstna15_1_1_, contactdat1_.home as home16_1_1_, contactdat1_.homepage as homepag17_1_1_, contactdat1_.lastname as lastnam18_1_1_, contactdat1_.middlename as middlen19_1_1_, contactdat1_.mobile as mobile20_1_1_, contactdat1_.nickname as nicknam21_1_1_, contactdat1_.notes as notes22_1_1_, contactdat1_.phone2 as phone23_1_1_, contactdat1_.photo as photo24_1_1_, contactdat1_.title as title25_1_1_, contactdat1_.work as work26_1_1_ from address_in_groups groupconta0_ inner join addressbook contactdat1_ on groupconta0_.id=contactdat1_.id where groupconta0_.group_id=?
Hibernate: select groupconta0_.group_id as group_id2_0_0_, groupconta0_.id as id1_0_0_, contactdat1_.id as id1_1_1_, contactdat1_.aday as aday2_1_1_, contactdat1_.address as address3_1_1_, contactdat1_.address2 as address4_1_1_, contactdat1_.amonth as amonth5_1_1_, contactdat1_.ayear as ayear6_1_1_, contactdat1_.bday as bday7_1_1_, contactdat1_.bmonth as bmonth8_1_1_, contactdat1_.byear as byear9_1_1_, contactdat1_.company as company10_1_1_, contactdat1_.email as email11_1_1_, contactdat1_.email2 as email12_1_1_, contactdat1_.email3 as email13_1_1_, contactdat1_.fax as fax14_1_1_, contactdat1_.firstname as firstna15_1_1_, contactdat1_.home as home16_1_1_, contactdat1_.homepage as homepag17_1_1_, contactdat1_.lastname as lastnam18_1_1_, contactdat1_.middlename as middlen19_1_1_, contactdat1_.mobile as mobile20_1_1_, contactdat1_.nickname as nicknam21_1_1_, contactdat1_.notes as notes22_1_1_, contactdat1_.phone2 as phone23_1_1_, contactdat1_.photo as photo24_1_1_, contactdat1_.title as title25_1_1_, contactdat1_.work as work26_1_1_ from address_in_groups groupconta0_ inner join addressbook contactdat1_ on groupconta0_.id=contactdat1_.id where groupconta0_.group_id=?
Hibernate: select groupconta0_.group_id as group_id2_0_0_, groupconta0_.id as id1_0_0_, contactdat1_.id as id1_1_1_, contactdat1_.aday as aday2_1_1_, contactdat1_.address as address3_1_1_, contactdat1_.address2 as address4_1_1_, contactdat1_.amonth as amonth5_1_1_, contactdat1_.ayear as ayear6_1_1_, contactdat1_.bday as bday7_1_1_, contactdat1_.bmonth as bmonth8_1_1_, contactdat1_.byear as byear9_1_1_, contactdat1_.company as company10_1_1_, contactdat1_.email as email11_1_1_, contactdat1_.email2 as email12_1_1_, contactdat1_.email3 as email13_1_1_, contactdat1_.fax as fax14_1_1_, contactdat1_.firstname as firstna15_1_1_, contactdat1_.home as home16_1_1_, contactdat1_.homepage as homepag17_1_1_, contactdat1_.lastname as lastnam18_1_1_, contactdat1_.middlename as middlen19_1_1_, contactdat1_.mobile as mobile20_1_1_, contactdat1_.nickname as nicknam21_1_1_, contactdat1_.notes as notes22_1_1_, contactdat1_.phone2 as phone23_1_1_, contactdat1_.photo as photo24_1_1_, contactdat1_.title as title25_1_1_, contactdat1_.work as work26_1_1_ from address_in_groups groupconta0_ inner join addressbook contactdat1_ on groupconta0_.id=contactdat1_.id where groupconta0_.group_id=?
Hibernate: select contactgro0_.id as id1_0_0_, contactgro0_.group_id as group_id2_0_0_, groupdata1_.group_id as group_id1_2_1_, groupdata1_.group_footer as group_fo2_2_1_, groupdata1_.group_header as group_he3_2_1_, groupdata1_.group_name as group_na4_2_1_ from address_in_groups contactgro0_ inner join group_list groupdata1_ on contactgro0_.group_id=groupdata1_.group_id where contactgro0_.id=?
Hibernate: select groupconta0_.group_id as group_id2_0_0_, groupconta0_.id as id1_0_0_, contactdat1_.id as id1_1_1_, contactdat1_.aday as aday2_1_1_, contactdat1_.address as address3_1_1_, contactdat1_.address2 as address4_1_1_, contactdat1_.amonth as amonth5_1_1_, contactdat1_.ayear as ayear6_1_1_, contactdat1_.bday as bday7_1_1_, contactdat1_.bmonth as bmonth8_1_1_, contactdat1_.byear as byear9_1_1_, contactdat1_.company as company10_1_1_, contactdat1_.email as email11_1_1_, contactdat1_.email2 as email12_1_1_, contactdat1_.email3 as email13_1_1_, contactdat1_.fax as fax14_1_1_, contactdat1_.firstname as firstna15_1_1_, contactdat1_.home as home16_1_1_, contactdat1_.homepage as homepag17_1_1_, contactdat1_.lastname as lastnam18_1_1_, contactdat1_.middlename as middlen19_1_1_, contactdat1_.mobile as mobile20_1_1_, contactdat1_.nickname as nicknam21_1_1_, contactdat1_.notes as notes22_1_1_, contactdat1_.phone2 as phone23_1_1_, contactdat1_.photo as photo24_1_1_, contactdat1_.title as title25_1_1_, contactdat1_.work as work26_1_1_ from address_in_groups groupconta0_ inner join addressbook contactdat1_ on groupconta0_.id=contactdat1_.id where groupconta0_.group_id=?
Hibernate: select groupconta0_.group_id as group_id2_0_0_, groupconta0_.id as id1_0_0_, contactdat1_.id as id1_1_1_, contactdat1_.aday as aday2_1_1_, contactdat1_.address as address3_1_1_, contactdat1_.address2 as address4_1_1_, contactdat1_.amonth as amonth5_1_1_, contactdat1_.ayear as ayear6_1_1_, contactdat1_.bday as bday7_1_1_, contactdat1_.bmonth as bmonth8_1_1_, contactdat1_.byear as byear9_1_1_, contactdat1_.company as company10_1_1_, contactdat1_.email as email11_1_1_, contactdat1_.email2 as email12_1_1_, contactdat1_.email3 as email13_1_1_, contactdat1_.fax as fax14_1_1_, contactdat1_.firstname as firstna15_1_1_, contactdat1_.home as home16_1_1_, contactdat1_.homepage as homepag17_1_1_, contactdat1_.lastname as lastnam18_1_1_, contactdat1_.middlename as middlen19_1_1_, contactdat1_.mobile as mobile20_1_1_, contactdat1_.nickname as nicknam21_1_1_, contactdat1_.notes as notes22_1_1_, contactdat1_.phone2 as phone23_1_1_, contactdat1_.photo as photo24_1_1_, contactdat1_.title as title25_1_1_, contactdat1_.work as work26_1_1_ from address_in_groups groupconta0_ inner join addressbook contactdat1_ on groupconta0_.id=contactdat1_.id where groupconta0_.group_id=?
Hibernate: select contactgro0_.id as id1_0_0_, contactgro0_.group_id as group_id2_0_0_, groupdata1_.group_id as group_id1_2_1_, groupdata1_.group_footer as group_fo2_2_1_, groupdata1_.group_header as group_he3_2_1_, groupdata1_.group_name as group_na4_2_1_ from address_in_groups contactgro0_ inner join group_list groupdata1_ on contactgro0_.group_id=groupdata1_.group_id where contactgro0_.id=?
Hibernate: select groupconta0_.group_id as group_id2_0_0_, groupconta0_.id as id1_0_0_, contactdat1_.id as id1_1_1_, contactdat1_.aday as aday2_1_1_, contactdat1_.address as address3_1_1_, contactdat1_.address2 as address4_1_1_, contactdat1_.amonth as amonth5_1_1_, contactdat1_.ayear as ayear6_1_1_, contactdat1_.bday as bday7_1_1_, contactdat1_.bmonth as bmonth8_1_1_, contactdat1_.byear as byear9_1_1_, contactdat1_.company as company10_1_1_, contactdat1_.email as email11_1_1_, contactdat1_.email2 as email12_1_1_, contactdat1_.email3 as email13_1_1_, contactdat1_.fax as fax14_1_1_, contactdat1_.firstname as firstna15_1_1_, contactdat1_.home as home16_1_1_, contactdat1_.homepage as homepag17_1_1_, contactdat1_.lastname as lastnam18_1_1_, contactdat1_.middlename as middlen19_1_1_, contactdat1_.mobile as mobile20_1_1_, contactdat1_.nickname as nicknam21_1_1_, contactdat1_.notes as notes22_1_1_, contactdat1_.phone2 as phone23_1_1_, contactdat1_.photo as photo24_1_1_, contactdat1_.title as title25_1_1_, contactdat1_.work as work26_1_1_ from address_in_groups groupconta0_ inner join addressbook contactdat1_ on groupconta0_.id=contactdat1_.id where groupconta0_.group_id=?
Hibernate: select contactgro0_.id as id1_0_0_, contactgro0_.group_id as group_id2_0_0_, groupdata1_.group_id as group_id1_2_1_, groupdata1_.group_footer as group_fo2_2_1_, groupdata1_.group_header as group_he3_2_1_, groupdata1_.group_name as group_na4_2_1_ from address_in_groups contactgro0_ inner join group_list groupdata1_ on contactgro0_.group_id=groupdata1_.group_id where contactgro0_.id=?
Hibernate: select groupconta0_.group_id as group_id2_0_0_, groupconta0_.id as id1_0_0_, contactdat1_.id as id1_1_1_, contactdat1_.aday as aday2_1_1_, contactdat1_.address as address3_1_1_, contactdat1_.address2 as address4_1_1_, contactdat1_.amonth as amonth5_1_1_, contactdat1_.ayear as ayear6_1_1_, contactdat1_.bday as bday7_1_1_, contactdat1_.bmonth as bmonth8_1_1_, contactdat1_.byear as byear9_1_1_, contactdat1_.company as company10_1_1_, contactdat1_.email as email11_1_1_, contactdat1_.email2 as email12_1_1_, contactdat1_.email3 as email13_1_1_, contactdat1_.fax as fax14_1_1_, contactdat1_.firstname as firstna15_1_1_, contactdat1_.home as home16_1_1_, contactdat1_.homepage as homepag17_1_1_, contactdat1_.lastname as lastnam18_1_1_, contactdat1_.middlename as middlen19_1_1_, contactdat1_.mobile as mobile20_1_1_, contactdat1_.nickname as nicknam21_1_1_, contactdat1_.notes as notes22_1_1_, contactdat1_.phone2 as phone23_1_1_, contactdat1_.photo as photo24_1_1_, contactdat1_.title as title25_1_1_, contactdat1_.work as work26_1_1_ from address_in_groups groupconta0_ inner join addressbook contactdat1_ on groupconta0_.id=contactdat1_.id where groupconta0_.group_id=?
Hibernate: select contactgro0_.id as id1_0_0_, contactgro0_.group_id as group_id2_0_0_, groupdata1_.group_id as group_id1_2_1_, groupdata1_.group_footer as group_fo2_2_1_, groupdata1_.group_header as group_he3_2_1_, groupdata1_.group_name as group_na4_2_1_ from address_in_groups contactgro0_ inner join group_list groupdata1_ on contactgro0_.group_id=groupdata1_.group_id where contactgro0_.id=?
Hibernate: select groupconta0_.group_id as group_id2_0_0_, groupconta0_.id as id1_0_0_, contactdat1_.id as id1_1_1_, contactdat1_.aday as aday2_1_1_, contactdat1_.address as address3_1_1_, contactdat1_.address2 as address4_1_1_, contactdat1_.amonth as amonth5_1_1_, contactdat1_.ayear as ayear6_1_1_, contactdat1_.bday as bday7_1_1_, contactdat1_.bmonth as bmonth8_1_1_, contactdat1_.byear as byear9_1_1_, contactdat1_.company as company10_1_1_, contactdat1_.email as email11_1_1_, contactdat1_.email2 as email12_1_1_, contactdat1_.email3 as email13_1_1_, contactdat1_.fax as fax14_1_1_, contactdat1_.firstname as firstna15_1_1_, contactdat1_.home as home16_1_1_, contactdat1_.homepage as homepag17_1_1_, contactdat1_.lastname as lastnam18_1_1_, contactdat1_.middlename as middlen19_1_1_, contactdat1_.mobile as mobile20_1_1_, contactdat1_.nickname as nicknam21_1_1_, contactdat1_.notes as notes22_1_1_, contactdat1_.phone2 as phone23_1_1_, contactdat1_.photo as photo24_1_1_, contactdat1_.title as title25_1_1_, contactdat1_.work as work26_1_1_ from address_in_groups groupconta0_ inner join addressbook contactdat1_ on groupconta0_.id=contactdat1_.id where groupconta0_.group_id=?
Hibernate: select contactgro0_.id as id1_0_0_, contactgro0_.group_id as group_id2_0_0_, groupdata1_.group_id as group_id1_2_1_, groupdata1_.group_footer as group_fo2_2_1_, groupdata1_.group_header as group_he3_2_1_, groupdata1_.group_name as group_na4_2_1_ from address_in_groups contactgro0_ inner join group_list groupdata1_ on contactgro0_.group_id=groupdata1_.group_id where contactgro0_.id=?
Hibernate: select contactgro0_.id as id1_0_0_, contactgro0_.group_id as group_id2_0_0_, groupdata1_.group_id as group_id1_2_1_, groupdata1_.group_footer as group_fo2_2_1_, groupdata1_.group_header as group_he3_2_1_, groupdata1_.group_name as group_na4_2_1_ from address_in_groups contactgro0_ inner join group_list groupdata1_ on contactgro0_.group_id=groupdata1_.group_id where contactgro0_.id=?
Hibernate: select contactgro0_.id as id1_0_0_, contactgro0_.group_id as group_id2_0_0_, groupdata1_.group_id as group_id1_2_1_, groupdata1_.group_footer as group_fo2_2_1_, groupdata1_.group_header as group_he3_2_1_, groupdata1_.group_name as group_na4_2_1_ from address_in_groups contactgro0_ inner join group_list groupdata1_ on contactgro0_.group_id=groupdata1_.group_id where contactgro0_.id=?
Hibernate: select contactgro0_.id as id1_0_0_, contactgro0_.group_id as group_id2_0_0_, groupdata1_.group_id as group_id1_2_1_, groupdata1_.group_footer as group_fo2_2_1_, groupdata1_.group_header as group_he3_2_1_, groupdata1_.group_name as group_na4_2_1_ from address_in_groups contactgro0_ inner join group_list groupdata1_ on contactgro0_.group_id=groupdata1_.group_id where contactgro0_.id=?
Hibernate: select contactgro0_.id as id1_0_0_, contactgro0_.group_id as group_id2_0_0_, groupdata1_.group_id as group_id1_2_1_, groupdata1_.group_footer as group_fo2_2_1_, groupdata1_.group_header as group_he3_2_1_, groupdata1_.group_name as group_na4_2_1_ from address_in_groups contactgro0_ inner join group_list groupdata1_ on contactgro0_.group_id=groupdata1_.group_id where contactgro0_.id=?
Hibernate: select contactgro0_.id as id1_0_0_, contactgro0_.group_id as group_id2_0_0_, groupdata1_.group_id as group_id1_2_1_, groupdata1_.group_footer as group_fo2_2_1_, groupdata1_.group_header as group_he3_2_1_, groupdata1_.group_name as group_na4_2_1_ from address_in_groups contactgro0_ inner join group_list groupdata1_ on contactgro0_.group_id=groupdata1_.group_id where contactgro0_.id=?
Hibernate: select contactgro0_.id as id1_0_0_, contactgro0_.group_id as group_id2_0_0_, groupdata1_.group_id as group_id1_2_1_, groupdata1_.group_footer as group_fo2_2_1_, groupdata1_.group_header as group_he3_2_1_, groupdata1_.group_name as group_na4_2_1_ from address_in_groups contactgro0_ inner join group_list groupdata1_ on contactgro0_.group_id=groupdata1_.group_id where contactgro0_.id=?
Hibernate: select groupconta0_.group_id as group_id2_0_0_, groupconta0_.id as id1_0_0_, contactdat1_.id as id1_1_1_, contactdat1_.aday as aday2_1_1_, contactdat1_.address as address3_1_1_, contactdat1_.address2 as address4_1_1_, contactdat1_.amonth as amonth5_1_1_, contactdat1_.ayear as ayear6_1_1_, contactdat1_.bday as bday7_1_1_, contactdat1_.bmonth as bmonth8_1_1_, contactdat1_.byear as byear9_1_1_, contactdat1_.company as company10_1_1_, contactdat1_.email as email11_1_1_, contactdat1_.email2 as email12_1_1_, contactdat1_.email3 as email13_1_1_, contactdat1_.fax as fax14_1_1_, contactdat1_.firstname as firstna15_1_1_, contactdat1_.home as home16_1_1_, contactdat1_.homepage as homepag17_1_1_, contactdat1_.lastname as lastnam18_1_1_, contactdat1_.middlename as middlen19_1_1_, contactdat1_.mobile as mobile20_1_1_, contactdat1_.nickname as nicknam21_1_1_, contactdat1_.notes as notes22_1_1_, contactdat1_.phone2 as phone23_1_1_, contactdat1_.photo as photo24_1_1_, contactdat1_.title as title25_1_1_, contactdat1_.work as work26_1_1_ from address_in_groups groupconta0_ inner join addressbook contactdat1_ on groupconta0_.id=contactdat1_.id where groupconta0_.group_id=?
23:03:24.034 [Test worker] INFO  qa.issart.com.tests.TestBase - Started test modifyGroupFromList
23:03:25.919 [Test worker] INFO  qa.issart.com.tests.TestBase - Modified group with id: 807 new group name: muwhGrRIJnIIGBQdzT6W old: VxKHDRwR9iy7j9wECNYK
Hibernate: select groupdata0_.group_id as group_id1_2_, groupdata0_.group_footer as group_fo2_2_, groupdata0_.group_header as group_he3_2_, groupdata0_.group_name as group_na4_2_ from group_list groupdata0_
Hibernate: select groupconta0_.group_id as group_id2_0_0_, groupconta0_.id as id1_0_0_, contactdat1_.id as id1_1_1_, contactdat1_.aday as aday2_1_1_, contactdat1_.address as address3_1_1_, contactdat1_.address2 as address4_1_1_, contactdat1_.amonth as amonth5_1_1_, contactdat1_.ayear as ayear6_1_1_, contactdat1_.bday as bday7_1_1_, contactdat1_.bmonth as bmonth8_1_1_, contactdat1_.byear as byear9_1_1_, contactdat1_.company as company10_1_1_, contactdat1_.email as email11_1_1_, contactdat1_.email2 as email12_1_1_, contactdat1_.email3 as email13_1_1_, contactdat1_.fax as fax14_1_1_, contactdat1_.firstname as firstna15_1_1_, contactdat1_.home as home16_1_1_, contactdat1_.homepage as homepag17_1_1_, contactdat1_.lastname as lastnam18_1_1_, contactdat1_.middlename as middlen19_1_1_, contactdat1_.mobile as mobile20_1_1_, contactdat1_.nickname as nicknam21_1_1_, contactdat1_.notes as notes22_1_1_, contactdat1_.phone2 as phone23_1_1_, contactdat1_.photo as photo24_1_1_, contactdat1_.title as title25_1_1_, contactdat1_.work as work26_1_1_ from address_in_groups groupconta0_ inner join addressbook contactdat1_ on groupconta0_.id=contactdat1_.id where groupconta0_.group_id=?
Hibernate: select groupconta0_.group_id as group_id2_0_0_, groupconta0_.id as id1_0_0_, contactdat1_.id as id1_1_1_, contactdat1_.aday as aday2_1_1_, contactdat1_.address as address3_1_1_, contactdat1_.address2 as address4_1_1_, contactdat1_.amonth as amonth5_1_1_, contactdat1_.ayear as ayear6_1_1_, contactdat1_.bday as bday7_1_1_, contactdat1_.bmonth as bmonth8_1_1_, contactdat1_.byear as byear9_1_1_, contactdat1_.company as company10_1_1_, contactdat1_.email as email11_1_1_, contactdat1_.email2 as email12_1_1_, contactdat1_.email3 as email13_1_1_, contactdat1_.fax as fax14_1_1_, contactdat1_.firstname as firstna15_1_1_, contactdat1_.home as home16_1_1_, contactdat1_.homepage as homepag17_1_1_, contactdat1_.lastname as lastnam18_1_1_, contactdat1_.middlename as middlen19_1_1_, contactdat1_.mobile as mobile20_1_1_, contactdat1_.nickname as nicknam21_1_1_, contactdat1_.notes as notes22_1_1_, contactdat1_.phone2 as phone23_1_1_, contactdat1_.photo as photo24_1_1_, contactdat1_.title as title25_1_1_, contactdat1_.work as work26_1_1_ from address_in_groups groupconta0_ inner join addressbook contactdat1_ on groupconta0_.id=contactdat1_.id where groupconta0_.group_id=?
[...]
Hibernate: select groupconta0_.group_id as group_id2_0_0_, groupconta0_.id as id1_0_0_, contactdat1_.id as id1_1_1_, contactdat1_.aday as aday2_1_1_, contactdat1_.address as address3_1_1_, contactdat1_.address2 as address4_1_1_, contactdat1_.amonth as amonth5_1_1_, contactdat1_.ayear as ayear6_1_1_, contactdat1_.bday as bday7_1_1_, contactdat1_.bmonth as bmonth8_1_1_, contactdat1_.byear as byear9_1_1_, contactdat1_.company as company10_1_1_, contactdat1_.email as email11_1_1_, contactdat1_.email2 as email12_1_1_, contactdat1_.email3 as email13_1_1_, contactdat1_.fax as fax14_1_1_, contactdat1_.firstname as firstna15_1_1_, contactdat1_.home as home16_1_1_, contactdat1_.homepage as homepag17_1_1_, contactdat1_.lastname as lastnam18_1_1_, contactdat1_.middlename as middlen19_1_1_, contactdat1_.mobile as mobile20_1_1_, contactdat1_.nickname as nicknam21_1_1_, contactdat1_.notes as notes22_1_1_, contactdat1_.phone2 as phone23_1_1_, contactdat1_.photo as photo24_1_1_, contactdat1_.title as title25_1_1_, contactdat1_.work as work26_1_1_ from address_in_groups groupconta0_ inner join addressbook contactdat1_ on groupconta0_.id=contactdat1_.id where groupconta0_.group_id=?
Hibernate: select groupconta0_.group_id as group_id2_0_0_, groupconta0_.id as id1_0_0_, contactdat1_.id as id1_1_1_, contactdat1_.aday as aday2_1_1_, contactdat1_.address as address3_1_1_, contactdat1_.address2 as address4_1_1_, contactdat1_.amonth as amonth5_1_1_, contactdat1_.ayear as ayear6_1_1_, contactdat1_.bday as bday7_1_1_, contactdat1_.bmonth as bmonth8_1_1_, contactdat1_.byear as byear9_1_1_, contactdat1_.company as company10_1_1_, contactdat1_.email as email11_1_1_, contactdat1_.email2 as email12_1_1_, contactdat1_.email3 as email13_1_1_, contactdat1_.fax as fax14_1_1_, contactdat1_.firstname as firstna15_1_1_, contactdat1_.home as home16_1_1_, contactdat1_.homepage as homepag17_1_1_, contactdat1_.lastname as lastnam18_1_1_, contactdat1_.middlename as middlen19_1_1_, contactdat1_.mobile as mobile20_1_1_, contactdat1_.nickname as nicknam21_1_1_, contactdat1_.notes as notes22_1_1_, contactdat1_.phone2 as phone23_1_1_, contactdat1_.photo as photo24_1_1_, contactdat1_.title as title25_1_1_, contactdat1_.work as work26_1_1_ from address_in_groups groupconta0_ inner join addressbook contactdat1_ on groupconta0_.id=contactdat1_.id where groupconta0_.group_id=?
Hibernate: select groupconta0_.group_id as group_id2_0_0_, groupconta0_.id as id1_0_0_, contactdat1_.id as id1_1_1_, contactdat1_.aday as aday2_1_1_, contactdat1_.address as address3_1_1_, contactdat1_.address2 as address4_1_1_, contactdat1_.amonth as amonth5_1_1_, contactdat1_.ayear as ayear6_1_1_, contactdat1_.bday as bday7_1_1_, contactdat1_.bmonth as bmonth8_1_1_, contactdat1_.byear as byear9_1_1_, contactdat1_.company as company10_1_1_, contactdat1_.email as email11_1_1_, contactdat1_.email2 as email12_1_1_, contactdat1_.email3 as email13_1_1_, contactdat1_.fax as fax14_1_1_, contactdat1_.firstname as firstna15_1_1_, contactdat1_.home as home16_1_1_, contactdat1_.homepage as homepag17_1_1_, contactdat1_.lastname as lastnam18_1_1_, contactdat1_.middlename as middlen19_1_1_, contactdat1_.mobile as mobile20_1_1_, contactdat1_.nickname as nicknam21_1_1_, contactdat1_.notes as notes22_1_1_, contactdat1_.phone2 as phone23_1_1_, contactdat1_.photo as photo24_1_1_, contactdat1_.title as title25_1_1_, contactdat1_.work as work26_1_1_ from address_in_groups groupconta0_ inner join addressbook contactdat1_ on groupconta0_.id=contactdat1_.id where groupconta0_.group_id=?
Hibernate: select groupconta0_.group_id as group_id2_0_0_, groupconta0_.id as id1_0_0_, contactdat1_.id as id1_1_1_, contactdat1_.aday as aday2_1_1_, contactdat1_.address as address3_1_1_, contactdat1_.address2 as address4_1_1_, contactdat1_.amonth as amonth5_1_1_, contactdat1_.ayear as ayear6_1_1_, contactdat1_.bday as bday7_1_1_, contactdat1_.bmonth as bmonth8_1_1_, contactdat1_.byear as byear9_1_1_, contactdat1_.company as company10_1_1_, contactdat1_.email as email11_1_1_, contactdat1_.email2 as email12_1_1_, contactdat1_.email3 as email13_1_1_, contactdat1_.fax as fax14_1_1_, contactdat1_.firstname as firstna15_1_1_, contactdat1_.home as home16_1_1_, contactdat1_.homepage as homepag17_1_1_, contactdat1_.lastname as lastnam18_1_1_, contactdat1_.middlename as middlen19_1_1_, contactdat1_.mobile as mobile20_1_1_, contactdat1_.nickname as nicknam21_1_1_, contactdat1_.notes as notes22_1_1_, contactdat1_.phone2 as phone23_1_1_, contactdat1_.photo as photo24_1_1_, contactdat1_.title as title25_1_1_, contactdat1_.work as work26_1_1_ from address_in_groups groupconta0_ inner join addressbook contactdat1_ on groupconta0_.id=contactdat1_.id where groupconta0_.group_id=?
Hibernate: select groupconta0_.group_id as group_id2_0_0_, groupconta0_.id as id1_0_0_, contactdat1_.id as id1_1_1_, contactdat1_.aday as aday2_1_1_, contactdat1_.address as address3_1_1_, contactdat1_.address2 as address4_1_1_, contactdat1_.amonth as amonth5_1_1_, contactdat1_.ayear as ayear6_1_1_, contactdat1_.bday as bday7_1_1_, contactdat1_.bmonth as bmonth8_1_1_, contactdat1_.byear as byear9_1_1_, contactdat1_.company as company10_1_1_, contactdat1_.email as email11_1_1_, contactdat1_.email2 as email12_1_1_, contactdat1_.email3 as email13_1_1_, contactdat1_.fax as fax14_1_1_, contactdat1_.firstname as firstna15_1_1_, contactdat1_.home as home16_1_1_, contactdat1_.homepage as homepag17_1_1_, contactdat1_.lastname as lastnam18_1_1_, contactdat1_.middlename as middlen19_1_1_, contactdat1_.mobile as mobile20_1_1_, contactdat1_.nickname as nicknam21_1_1_, contactdat1_.notes as notes22_1_1_, contactdat1_.phone2 as phone23_1_1_, contactdat1_.photo as photo24_1_1_, contactdat1_.title as title25_1_1_, contactdat1_.work as work26_1_1_ from address_in_groups groupconta0_ inner join addressbook contactdat1_ on groupconta0_.id=contactdat1_.id where groupconta0_.group_id=?
Hibernate: select groupconta0_.group_id as group_id2_0_0_, groupconta0_.id as id1_0_0_, contactdat1_.id as id1_1_1_, contactdat1_.aday as aday2_1_1_, contactdat1_.address as address3_1_1_, contactdat1_.address2 as address4_1_1_, contactdat1_.amonth as amonth5_1_1_, contactdat1_.ayear as ayear6_1_1_, contactdat1_.bday as bday7_1_1_, contactdat1_.bmonth as bmonth8_1_1_, contactdat1_.byear as byear9_1_1_, contactdat1_.company as company10_1_1_, contactdat1_.email as email11_1_1_, contactdat1_.email2 as email12_1_1_, contactdat1_.email3 as email13_1_1_, contactdat1_.fax as fax14_1_1_, contactdat1_.firstname as firstna15_1_1_, contactdat1_.home as home16_1_1_, contactdat1_.homepage as homepag17_1_1_, contactdat1_.lastname as lastnam18_1_1_, contactdat1_.middlename as middlen19_1_1_, contactdat1_.mobile as mobile20_1_1_, contactdat1_.nickname as nicknam21_1_1_, contactdat1_.notes as notes22_1_1_, contactdat1_.phone2 as phone23_1_1_, contactdat1_.photo as photo24_1_1_, contactdat1_.title as title25_1_1_, contactdat1_.work as work26_1_1_ from address_in_groups groupconta0_ inner join addressbook contactdat1_ on groupconta0_.id=contactdat1_.id where groupconta0_.group_id=?
Hibernate: select groupconta0_.group_id as group_id2_0_0_, groupconta0_.id as id1_0_0_, contactdat1_.id as id1_1_1_, contactdat1_.aday as aday2_1_1_, contactdat1_.address as address3_1_1_, contactdat1_.address2 as address4_1_1_, contactdat1_.amonth as amonth5_1_1_, contactdat1_.ayear as ayear6_1_1_, contactdat1_.bday as bday7_1_1_, contactdat1_.bmonth as bmonth8_1_1_, contactdat1_.byear as byear9_1_1_, contactdat1_.company as company10_1_1_, contactdat1_.email as email11_1_1_, contactdat1_.email2 as email12_1_1_, contactdat1_.email3 as email13_1_1_, contactdat1_.fax as fax14_1_1_, contactdat1_.firstname as firstna15_1_1_, contactdat1_.home as home16_1_1_, contactdat1_.homepage as homepag17_1_1_, contactdat1_.lastname as lastnam18_1_1_, contactdat1_.middlename as middlen19_1_1_, contactdat1_.mobile as mobile20_1_1_, contactdat1_.nickname as nicknam21_1_1_, contactdat1_.notes as notes22_1_1_, contactdat1_.phone2 as phone23_1_1_, contactdat1_.photo as photo24_1_1_, contactdat1_.title as title25_1_1_, contactdat1_.work as work26_1_1_ from address_in_groups groupconta0_ inner join addressbook contactdat1_ on groupconta0_.id=contactdat1_.id where groupconta0_.group_id=?
Hibernate: select contactgro0_.id as id1_0_0_, contactgro0_.group_id as group_id2_0_0_, groupdata1_.group_id as group_id1_2_1_, groupdata1_.group_footer as group_fo2_2_1_, groupdata1_.group_header as group_he3_2_1_, groupdata1_.group_name as group_na4_2_1_ from address_in_groups contactgro0_ inner join group_list groupdata1_ on contactgro0_.group_id=groupdata1_.group_id where contactgro0_.id=?
Hibernate: select groupconta0_.group_id as group_id2_0_0_, groupconta0_.id as id1_0_0_, contactdat1_.id as id1_1_1_, contactdat1_.aday as aday2_1_1_, contactdat1_.address as address3_1_1_, contactdat1_.address2 as address4_1_1_, contactdat1_.amonth as amonth5_1_1_, contactdat1_.ayear as ayear6_1_1_, contactdat1_.bday as bday7_1_1_, contactdat1_.bmonth as bmonth8_1_1_, contactdat1_.byear as byear9_1_1_, contactdat1_.company as company10_1_1_, contactdat1_.email as email11_1_1_, contactdat1_.email2 as email12_1_1_, contactdat1_.email3 as email13_1_1_, contactdat1_.fax as fax14_1_1_, contactdat1_.firstname as firstna15_1_1_, contactdat1_.home as home16_1_1_, contactdat1_.homepage as homepag17_1_1_, contactdat1_.lastname as lastnam18_1_1_, contactdat1_.middlename as middlen19_1_1_, contactdat1_.mobile as mobile20_1_1_, contactdat1_.nickname as nicknam21_1_1_, contactdat1_.notes as notes22_1_1_, contactdat1_.phone2 as phone23_1_1_, contactdat1_.photo as photo24_1_1_, contactdat1_.title as title25_1_1_, contactdat1_.work as work26_1_1_ from address_in_groups groupconta0_ inner join addressbook contactdat1_ on groupconta0_.id=contactdat1_.id where groupconta0_.group_id=?
Hibernate: select groupconta0_.group_id as group_id2_0_0_, groupconta0_.id as id1_0_0_, contactdat1_.id as id1_1_1_, contactdat1_.aday as aday2_1_1_, contactdat1_.address as address3_1_1_, contactdat1_.address2 as address4_1_1_, contactdat1_.amonth as amonth5_1_1_, contactdat1_.ayear as ayear6_1_1_, contactdat1_.bday as bday7_1_1_, contactdat1_.bmonth as bmonth8_1_1_, contactdat1_.byear as byear9_1_1_, contactdat1_.company as company10_1_1_, contactdat1_.email as email11_1_1_, contactdat1_.email2 as email12_1_1_, contactdat1_.email3 as email13_1_1_, contactdat1_.fax as fax14_1_1_, contactdat1_.firstname as firstna15_1_1_, contactdat1_.home as home16_1_1_, contactdat1_.homepage as homepag17_1_1_, contactdat1_.lastname as lastnam18_1_1_, contactdat1_.middlename as middlen19_1_1_, contactdat1_.mobile as mobile20_1_1_, contactdat1_.nickname as nicknam21_1_1_, contactdat1_.notes as notes22_1_1_, contactdat1_.phone2 as phone23_1_1_, contactdat1_.photo as photo24_1_1_, contactdat1_.title as title25_1_1_, contactdat1_.work as work26_1_1_ from address_in_groups groupconta0_ inner join addressbook contactdat1_ on groupconta0_.id=contactdat1_.id where groupconta0_.group_id=?
Hibernate: select contactgro0_.id as id1_0_0_, contactgro0_.group_id as group_id2_0_0_, groupdata1_.group_id as group_id1_2_1_, groupdata1_.group_footer as group_fo2_2_1_, groupdata1_.group_header as group_he3_2_1_, groupdata1_.group_name as group_na4_2_1_ from address_in_groups contactgro0_ inner join group_list groupdata1_ on contactgro0_.group_id=groupdata1_.group_id where contactgro0_.id=?
Hibernate: select groupconta0_.group_id as group_id2_0_0_, groupconta0_.id as id1_0_0_, contactdat1_.id as id1_1_1_, contactdat1_.aday as aday2_1_1_, contactdat1_.address as address3_1_1_, contactdat1_.address2 as address4_1_1_, contactdat1_.amonth as amonth5_1_1_, contactdat1_.ayear as ayear6_1_1_, contactdat1_.bday as bday7_1_1_, contactdat1_.bmonth as bmonth8_1_1_, contactdat1_.byear as byear9_1_1_, contactdat1_.company as company10_1_1_, contactdat1_.email as email11_1_1_, contactdat1_.email2 as email12_1_1_, contactdat1_.email3 as email13_1_1_, contactdat1_.fax as fax14_1_1_, contactdat1_.firstname as firstna15_1_1_, contactdat1_.home as home16_1_1_, contactdat1_.homepage as homepag17_1_1_, contactdat1_.lastname as lastnam18_1_1_, contactdat1_.middlename as middlen19_1_1_, contactdat1_.mobile as mobile20_1_1_, contactdat1_.nickname as nicknam21_1_1_, contactdat1_.notes as notes22_1_1_, contactdat1_.phone2 as phone23_1_1_, contactdat1_.photo as photo24_1_1_, contactdat1_.title as title25_1_1_, contactdat1_.work as work26_1_1_ from address_in_groups groupconta0_ inner join addressbook contactdat1_ on groupconta0_.id=contactdat1_.id where groupconta0_.group_id=?
Hibernate: select contactgro0_.id as id1_0_0_, contactgro0_.group_id as group_id2_0_0_, groupdata1_.group_id as group_id1_2_1_, groupdata1_.group_footer as group_fo2_2_1_, groupdata1_.group_header as group_he3_2_1_, groupdata1_.group_name as group_na4_2_1_ from address_in_groups contactgro0_ inner join group_list groupdata1_ on contactgro0_.group_id=groupdata1_.group_id where contactgro0_.id=?
Hibernate: select groupconta0_.group_id as group_id2_0_0_, groupconta0_.id as id1_0_0_, contactdat1_.id as id1_1_1_, contactdat1_.aday as aday2_1_1_, contactdat1_.address as address3_1_1_, contactdat1_.address2 as address4_1_1_, contactdat1_.amonth as amonth5_1_1_, contactdat1_.ayear as ayear6_1_1_, contactdat1_.bday as bday7_1_1_, contactdat1_.bmonth as bmonth8_1_1_, contactdat1_.byear as byear9_1_1_, contactdat1_.company as company10_1_1_, contactdat1_.email as email11_1_1_, contactdat1_.email2 as email12_1_1_, contactdat1_.email3 as email13_1_1_, contactdat1_.fax as fax14_1_1_, contactdat1_.firstname as firstna15_1_1_, contactdat1_.home as home16_1_1_, contactdat1_.homepage as homepag17_1_1_, contactdat1_.lastname as lastnam18_1_1_, contactdat1_.middlename as middlen19_1_1_, contactdat1_.mobile as mobile20_1_1_, contactdat1_.nickname as nicknam21_1_1_, contactdat1_.notes as notes22_1_1_, contactdat1_.phone2 as phone23_1_1_, contactdat1_.photo as photo24_1_1_, contactdat1_.title as title25_1_1_, contactdat1_.work as work26_1_1_ from address_in_groups groupconta0_ inner join addressbook contactdat1_ on groupconta0_.id=contactdat1_.id where groupconta0_.group_id=?
Hibernate: select contactgro0_.id as id1_0_0_, contactgro0_.group_id as group_id2_0_0_, groupdata1_.group_id as group_id1_2_1_, groupdata1_.group_footer as group_fo2_2_1_, groupdata1_.group_header as group_he3_2_1_, groupdata1_.group_name as group_na4_2_1_ from address_in_groups contactgro0_ inner join group_list groupdata1_ on contactgro0_.group_id=groupdata1_.group_id where contactgro0_.id=?
Hibernate: select groupconta0_.group_id as group_id2_0_0_, groupconta0_.id as id1_0_0_, contactdat1_.id as id1_1_1_, contactdat1_.aday as aday2_1_1_, contactdat1_.address as address3_1_1_, contactdat1_.address2 as address4_1_1_, contactdat1_.amonth as amonth5_1_1_, contactdat1_.ayear as ayear6_1_1_, contactdat1_.bday as bday7_1_1_, contactdat1_.bmonth as bmonth8_1_1_, contactdat1_.byear as byear9_1_1_, contactdat1_.company as company10_1_1_, contactdat1_.email as email11_1_1_, contactdat1_.email2 as email12_1_1_, contactdat1_.email3 as email13_1_1_, contactdat1_.fax as fax14_1_1_, contactdat1_.firstname as firstna15_1_1_, contactdat1_.home as home16_1_1_, contactdat1_.homepage as homepag17_1_1_, contactdat1_.lastname as lastnam18_1_1_, contactdat1_.middlename as middlen19_1_1_, contactdat1_.mobile as mobile20_1_1_, contactdat1_.nickname as nicknam21_1_1_, contactdat1_.notes as notes22_1_1_, contactdat1_.phone2 as phone23_1_1_, contactdat1_.photo as photo24_1_1_, contactdat1_.title as title25_1_1_, contactdat1_.work as work26_1_1_ from address_in_groups groupconta0_ inner join addressbook contactdat1_ on groupconta0_.id=contactdat1_.id where groupconta0_.group_id=?
Hibernate: select contactgro0_.id as id1_0_0_, contactgro0_.group_id as group_id2_0_0_, groupdata1_.group_id as group_id1_2_1_, groupdata1_.group_footer as group_fo2_2_1_, groupdata1_.group_header as group_he3_2_1_, groupdata1_.group_name as group_na4_2_1_ from address_in_groups contactgro0_ inner join group_list groupdata1_ on contactgro0_.group_id=groupdata1_.group_id where contactgro0_.id=?
Hibernate: select contactgro0_.id as id1_0_0_, contactgro0_.group_id as group_id2_0_0_, groupdata1_.group_id as group_id1_2_1_, groupdata1_.group_footer as group_fo2_2_1_, groupdata1_.group_header as group_he3_2_1_, groupdata1_.group_name as group_na4_2_1_ from address_in_groups contactgro0_ inner join group_list groupdata1_ on contactgro0_.group_id=groupdata1_.group_id where contactgro0_.id=?
Hibernate: select contactgro0_.id as id1_0_0_, contactgro0_.group_id as group_id2_0_0_, groupdata1_.group_id as group_id1_2_1_, groupdata1_.group_footer as group_fo2_2_1_, groupdata1_.group_header as group_he3_2_1_, groupdata1_.group_name as group_na4_2_1_ from address_in_groups contactgro0_ inner join group_list groupdata1_ on contactgro0_.group_id=groupdata1_.group_id where contactgro0_.id=?
Hibernate: select contactgro0_.id as id1_0_0_, contactgro0_.group_id as group_id2_0_0_, groupdata1_.group_id as group_id1_2_1_, groupdata1_.group_footer as group_fo2_2_1_, groupdata1_.group_header as group_he3_2_1_, groupdata1_.group_name as group_na4_2_1_ from address_in_groups contactgro0_ inner join group_list groupdata1_ on contactgro0_.group_id=groupdata1_.group_id where contactgro0_.id=?
Hibernate: select contactgro0_.id as id1_0_0_, contactgro0_.group_id as group_id2_0_0_, groupdata1_.group_id as group_id1_2_1_, groupdata1_.group_footer as group_fo2_2_1_, groupdata1_.group_header as group_he3_2_1_, groupdata1_.group_name as group_na4_2_1_ from address_in_groups contactgro0_ inner join group_list groupdata1_ on contactgro0_.group_id=groupdata1_.group_id where contactgro0_.id=?
Hibernate: select contactgro0_.id as id1_0_0_, contactgro0_.group_id as group_id2_0_0_, groupdata1_.group_id as group_id1_2_1_, groupdata1_.group_footer as group_fo2_2_1_, groupdata1_.group_header as group_he3_2_1_, groupdata1_.group_name as group_na4_2_1_ from address_in_groups contactgro0_ inner join group_list groupdata1_ on contactgro0_.group_id=groupdata1_.group_id where contactgro0_.id=?
Hibernate: select contactgro0_.id as id1_0_0_, contactgro0_.group_id as group_id2_0_0_, groupdata1_.group_id as group_id1_2_1_, groupdata1_.group_footer as group_fo2_2_1_, groupdata1_.group_header as group_he3_2_1_, groupdata1_.group_name as group_na4_2_1_ from address_in_groups contactgro0_ inner join group_list groupdata1_ on contactgro0_.group_id=groupdata1_.group_id where contactgro0_.id=?
Hibernate: select groupconta0_.group_id as group_id2_0_0_, groupconta0_.id as id1_0_0_, contactdat1_.id as id1_1_1_, contactdat1_.aday as aday2_1_1_, contactdat1_.address as address3_1_1_, contactdat1_.address2 as address4_1_1_, contactdat1_.amonth as amonth5_1_1_, contactdat1_.ayear as ayear6_1_1_, contactdat1_.bday as bday7_1_1_, contactdat1_.bmonth as bmonth8_1_1_, contactdat1_.byear as byear9_1_1_, contactdat1_.company as company10_1_1_, contactdat1_.email as email11_1_1_, contactdat1_.email2 as email12_1_1_, contactdat1_.email3 as email13_1_1_, contactdat1_.fax as fax14_1_1_, contactdat1_.firstname as firstna15_1_1_, contactdat1_.home as home16_1_1_, contactdat1_.homepage as homepag17_1_1_, contactdat1_.lastname as lastnam18_1_1_, contactdat1_.middlename as middlen19_1_1_, contactdat1_.mobile as mobile20_1_1_, contactdat1_.nickname as nicknam21_1_1_, contactdat1_.notes as notes22_1_1_, contactdat1_.phone2 as phone23_1_1_, contactdat1_.photo as photo24_1_1_, contactdat1_.title as title25_1_1_, contactdat1_.work as work26_1_1_ from address_in_groups groupconta0_ inner join addressbook contactdat1_ on groupconta0_.id=contactdat1_.id where groupconta0_.group_id=?
]]></system-out>
  <system-err><![CDATA[]]></system-err>
</testsuite>
